  G2DColor.cpp
  G2DEvent.cpp
  Eleve.cpp
C:\Users\timot\Documents\TRAVAIL\Projet\Jeux_echec\Eleve.cpp(67,56): warning C4244: 'argument' : conversion de 'float' en 'const unsigned __int64', perte possible de données
C:\Users\timot\Documents\TRAVAIL\Projet\Jeux_echec\Eleve.cpp(323,1): warning C4305: 'argument' : troncation de 'double' à 'float'
C:\Users\timot\Documents\TRAVAIL\Projet\Jeux_echec\Eleve.cpp(390,1): warning C4305: 'argument' : troncation de 'double' à 'float'
C:\Users\timot\Documents\TRAVAIL\Projet\Jeux_echec\Eleve.cpp(476,1): warning C4305: 'argument' : troncation de 'double' à 'float'
C:\Users\timot\Documents\TRAVAIL\Projet\Jeux_echec\Eleve.cpp(683,1): warning C4305: 'argument' : troncation de 'double' à 'float'
C:\Users\timot\Documents\TRAVAIL\Projet\Jeux_echec\Eleve.cpp(825,1): warning C4305: 'argument' : troncation de 'double' à 'float'
C:\Users\timot\Documents\TRAVAIL\Projet\Jeux_echec\Eleve.cpp(1262,28): warning C4244: 'initialisation' : conversion de 'float' en 'int', perte possible de données
C:\Users\timot\Documents\TRAVAIL\Projet\Jeux_echec\Eleve.cpp(1264,55): warning C4244: 'argument' : conversion de 'int' en 'float', perte possible de données
C:\Users\timot\Documents\TRAVAIL\Projet\Jeux_echec\Eleve.cpp(1264,108): warning C4244: 'argument' : conversion de 'int' en 'float', perte possible de données
C:\Users\timot\Documents\TRAVAIL\Projet\Jeux_echec\Eleve.cpp(1267,64): warning C4244: 'argument' : conversion de 'int' en 'float', perte possible de données
C:\Users\timot\Documents\TRAVAIL\Projet\Jeux_echec\Eleve.cpp(1276,28): warning C4244: 'initialisation' : conversion de 'float' en 'int', perte possible de données
C:\Users\timot\Documents\TRAVAIL\Projet\Jeux_echec\Eleve.cpp(1278,55): warning C4244: 'argument' : conversion de 'int' en 'float', perte possible de données
C:\Users\timot\Documents\TRAVAIL\Projet\Jeux_echec\Eleve.cpp(1278,108): warning C4244: 'argument' : conversion de 'int' en 'float', perte possible de données
C:\Users\timot\Documents\TRAVAIL\Projet\Jeux_echec\Eleve.cpp(1281,64): warning C4244: 'argument' : conversion de 'int' en 'float', perte possible de données
C:\Users\timot\Documents\TRAVAIL\Projet\Jeux_echec\Eleve.cpp(1295,28): warning C4244: 'initialisation' : conversion de 'float' en 'int', perte possible de données
C:\Users\timot\Documents\TRAVAIL\Projet\Jeux_echec\Eleve.cpp(1297,66): warning C4244: 'argument' : conversion de 'int' en 'float', perte possible de données
C:\Users\timot\Documents\TRAVAIL\Projet\Jeux_echec\Eleve.cpp(1297,119): warning C4244: 'argument' : conversion de 'int' en 'float', perte possible de données
C:\Users\timot\Documents\TRAVAIL\Projet\Jeux_echec\Eleve.cpp(1300,75): warning C4244: 'argument' : conversion de 'int' en 'float', perte possible de données
C:\Users\timot\Documents\TRAVAIL\Projet\Jeux_echec\Eleve.cpp(1310,28): warning C4244: 'initialisation' : conversion de 'float' en 'int', perte possible de données
C:\Users\timot\Documents\TRAVAIL\Projet\Jeux_echec\Eleve.cpp(1312,66): warning C4244: 'argument' : conversion de 'int' en 'float', perte possible de données
C:\Users\timot\Documents\TRAVAIL\Projet\Jeux_echec\Eleve.cpp(1312,119): warning C4244: 'argument' : conversion de 'int' en 'float', perte possible de données
C:\Users\timot\Documents\TRAVAIL\Projet\Jeux_echec\Eleve.cpp(1315,75): warning C4244: 'argument' : conversion de 'int' en 'float', perte possible de données
C:\Users\timot\Documents\TRAVAIL\Projet\Jeux_echec\Eleve.cpp(1341,27): warning C4244: '=' : conversion de 'float' en 'int', perte possible de données
C:\Users\timot\Documents\TRAVAIL\Projet\Jeux_echec\Eleve.cpp(1342,27): warning C4244: '=' : conversion de 'float' en 'int', perte possible de données
C:\Users\timot\Documents\TRAVAIL\Projet\Jeux_echec\Eleve.cpp(1345,34): warning C4244: '=' : conversion de 'float' en 'int', perte possible de données
C:\Users\timot\Documents\TRAVAIL\Projet\Jeux_echec\Eleve.cpp(1346,34): warning C4244: '=' : conversion de 'float' en 'int', perte possible de données
C:\Users\timot\Documents\TRAVAIL\Projet\Jeux_echec\Eleve.cpp(1349,30): warning C4244: '=' : conversion de 'float' en 'int', perte possible de données
C:\Users\timot\Documents\TRAVAIL\Projet\Jeux_echec\Eleve.cpp(1351,62): warning C4244: 'argument' : conversion de 'int' en 'float', perte possible de données
C:\Users\timot\Documents\TRAVAIL\Projet\Jeux_echec\Eleve.cpp(1351,55): warning C4244: 'argument' : conversion de 'int' en 'float', perte possible de données
C:\Users\timot\Documents\TRAVAIL\Projet\Jeux_echec\Eleve.cpp(1351,115): warning C4244: 'argument' : conversion de 'int' en 'float', perte possible de données
C:\Users\timot\Documents\TRAVAIL\Projet\Jeux_echec\Eleve.cpp(1351,108): warning C4244: 'argument' : conversion de 'int' en 'float', perte possible de données
C:\Users\timot\Documents\TRAVAIL\Projet\Jeux_echec\Eleve.cpp(1354,71): warning C4244: 'argument' : conversion de 'int' en 'float', perte possible de données
C:\Users\timot\Documents\TRAVAIL\Projet\Jeux_echec\Eleve.cpp(1354,64): warning C4244: 'argument' : conversion de 'int' en 'float', perte possible de données
C:\Users\timot\Documents\TRAVAIL\Projet\Jeux_echec\Eleve.cpp(1365,34): warning C4244: '=' : conversion de 'float' en 'int', perte possible de données
C:\Users\timot\Documents\TRAVAIL\Projet\Jeux_echec\Eleve.cpp(1366,34): warning C4244: '=' : conversion de 'float' en 'int', perte possible de données
C:\Users\timot\Documents\TRAVAIL\Projet\Jeux_echec\Eleve.cpp(1369,30): warning C4244: '=' : conversion de 'float' en 'int', perte possible de données
C:\Users\timot\Documents\TRAVAIL\Projet\Jeux_echec\Eleve.cpp(1371,62): warning C4244: 'argument' : conversion de 'int' en 'float', perte possible de données
C:\Users\timot\Documents\TRAVAIL\Projet\Jeux_echec\Eleve.cpp(1371,55): warning C4244: 'argument' : conversion de 'int' en 'float', perte possible de données
C:\Users\timot\Documents\TRAVAIL\Projet\Jeux_echec\Eleve.cpp(1371,115): warning C4244: 'argument' : conversion de 'int' en 'float', perte possible de données
C:\Users\timot\Documents\TRAVAIL\Projet\Jeux_echec\Eleve.cpp(1371,108): warning C4244: 'argument' : conversion de 'int' en 'float', perte possible de données
C:\Users\timot\Documents\TRAVAIL\Projet\Jeux_echec\Eleve.cpp(1374,71): warning C4244: 'argument' : conversion de 'int' en 'float', perte possible de données
C:\Users\timot\Documents\TRAVAIL\Projet\Jeux_echec\Eleve.cpp(1374,64): warning C4244: 'argument' : conversion de 'int' en 'float', perte possible de données
C:\Users\timot\Documents\TRAVAIL\Projet\Jeux_echec\Eleve.cpp(1385,34): warning C4244: '=' : conversion de 'float' en 'int', perte possible de données
C:\Users\timot\Documents\TRAVAIL\Projet\Jeux_echec\Eleve.cpp(1386,34): warning C4244: '=' : conversion de 'float' en 'int', perte possible de données
C:\Users\timot\Documents\TRAVAIL\Projet\Jeux_echec\Eleve.cpp(1389,30): warning C4244: '=' : conversion de 'float' en 'int', perte possible de données
C:\Users\timot\Documents\TRAVAIL\Projet\Jeux_echec\Eleve.cpp(1391,62): warning C4244: 'argument' : conversion de 'int' en 'float', perte possible de données
C:\Users\timot\Documents\TRAVAIL\Projet\Jeux_echec\Eleve.cpp(1391,55): warning C4244: 'argument' : conversion de 'int' en 'float', perte possible de données
C:\Users\timot\Documents\TRAVAIL\Projet\Jeux_echec\Eleve.cpp(1391,115): warning C4244: 'argument' : conversion de 'int' en 'float', perte possible de données
C:\Users\timot\Documents\TRAVAIL\Projet\Jeux_echec\Eleve.cpp(1391,108): warning C4244: 'argument' : conversion de 'int' en 'float', perte possible de données
C:\Users\timot\Documents\TRAVAIL\Projet\Jeux_echec\Eleve.cpp(1394,71): warning C4244: 'argument' : conversion de 'int' en 'float', perte possible de données
C:\Users\timot\Documents\TRAVAIL\Projet\Jeux_echec\Eleve.cpp(1394,64): warning C4244: 'argument' : conversion de 'int' en 'float', perte possible de données
C:\Users\timot\Documents\TRAVAIL\Projet\Jeux_echec\Eleve.cpp(1405,34): warning C4244: '=' : conversion de 'float' en 'int', perte possible de données
C:\Users\timot\Documents\TRAVAIL\Projet\Jeux_echec\Eleve.cpp(1406,34): warning C4244: '=' : conversion de 'float' en 'int', perte possible de données
C:\Users\timot\Documents\TRAVAIL\Projet\Jeux_echec\Eleve.cpp(1409,30): warning C4244: '=' : conversion de 'float' en 'int', perte possible de données
C:\Users\timot\Documents\TRAVAIL\Projet\Jeux_echec\Eleve.cpp(1411,62): warning C4244: 'argument' : conversion de 'int' en 'float', perte possible de données
C:\Users\timot\Documents\TRAVAIL\Projet\Jeux_echec\Eleve.cpp(1411,55): warning C4244: 'argument' : conversion de 'int' en 'float', perte possible de données
C:\Users\timot\Documents\TRAVAIL\Projet\Jeux_echec\Eleve.cpp(1411,115): warning C4244: 'argument' : conversion de 'int' en 'float', perte possible de données
C:\Users\timot\Documents\TRAVAIL\Projet\Jeux_echec\Eleve.cpp(1411,108): warning C4244: 'argument' : conversion de 'int' en 'float', perte possible de données
C:\Users\timot\Documents\TRAVAIL\Projet\Jeux_echec\Eleve.cpp(1414,71): warning C4244: 'argument' : conversion de 'int' en 'float', perte possible de données
C:\Users\timot\Documents\TRAVAIL\Projet\Jeux_echec\Eleve.cpp(1414,64): warning C4244: 'argument' : conversion de 'int' en 'float', perte possible de données
C:\Users\timot\Documents\TRAVAIL\Projet\Jeux_echec\Eleve.cpp(1436,62): warning C4244: 'argument' : conversion de 'float' en 'int', perte possible de données
C:\Users\timot\Documents\TRAVAIL\Projet\Jeux_echec\Eleve.cpp(1436,51): warning C4244: 'argument' : conversion de 'float' en 'int', perte possible de données
C:\Users\timot\Documents\TRAVAIL\Projet\Jeux_echec\Eleve.cpp(1437,60): warning C4244: 'argument' : conversion de 'float' en 'int', perte possible de données
C:\Users\timot\Documents\TRAVAIL\Projet\Jeux_echec\Eleve.cpp(1437,50): warning C4244: 'argument' : conversion de 'float' en 'int', perte possible de données
C:\Users\timot\Documents\TRAVAIL\Projet\Jeux_echec\Eleve.cpp(1443,77): warning C4244: 'argument' : conversion de 'float' en 'int', perte possible de données
C:\Users\timot\Documents\TRAVAIL\Projet\Jeux_echec\Eleve.cpp(1443,67): warning C4244: 'argument' : conversion de 'float' en 'int', perte possible de données
C:\Users\timot\Documents\TRAVAIL\Projet\Jeux_echec\Eleve.cpp(1444,76): warning C4244: 'argument' : conversion de 'float' en 'int', perte possible de données
C:\Users\timot\Documents\TRAVAIL\Projet\Jeux_echec\Eleve.cpp(1444,66): warning C4244: 'argument' : conversion de 'float' en 'int', perte possible de données
C:\Users\timot\Documents\TRAVAIL\Projet\Jeux_echec\Eleve.cpp(1453,70): warning C4244: 'argument' : conversion de 'float' en 'int', perte possible de données
C:\Users\timot\Documents\TRAVAIL\Projet\Jeux_echec\Eleve.cpp(1453,59): warning C4244: 'argument' : conversion de 'float' en 'int', perte possible de données
C:\Users\timot\Documents\TRAVAIL\Projet\Jeux_echec\Eleve.cpp(1454,68): warning C4244: 'argument' : conversion de 'float' en 'int', perte possible de données
C:\Users\timot\Documents\TRAVAIL\Projet\Jeux_echec\Eleve.cpp(1454,58): warning C4244: 'argument' : conversion de 'float' en 'int', perte possible de données
C:\Users\timot\Documents\TRAVAIL\Projet\Jeux_echec\Eleve.cpp(1463,78): warning C4244: 'argument' : conversion de 'float' en 'int', perte possible de données
C:\Users\timot\Documents\TRAVAIL\Projet\Jeux_echec\Eleve.cpp(1463,67): warning C4244: 'argument' : conversion de 'float' en 'int', perte possible de données
C:\Users\timot\Documents\TRAVAIL\Projet\Jeux_echec\Eleve.cpp(1464,76): warning C4244: 'argument' : conversion de 'float' en 'int', perte possible de données
C:\Users\timot\Documents\TRAVAIL\Projet\Jeux_echec\Eleve.cpp(1464,66): warning C4244: 'argument' : conversion de 'float' en 'int', perte possible de données
C:\Users\timot\Documents\TRAVAIL\Projet\Jeux_echec\Eleve.cpp(1472,70): warning C4244: 'argument' : conversion de 'float' en 'int', perte possible de données
C:\Users\timot\Documents\TRAVAIL\Projet\Jeux_echec\Eleve.cpp(1472,59): warning C4244: 'argument' : conversion de 'float' en 'int', perte possible de données
C:\Users\timot\Documents\TRAVAIL\Projet\Jeux_echec\Eleve.cpp(1473,68): warning C4244: 'argument' : conversion de 'float' en 'int', perte possible de données
C:\Users\timot\Documents\TRAVAIL\Projet\Jeux_echec\Eleve.cpp(1473,58): warning C4244: 'argument' : conversion de 'float' en 'int', perte possible de données
C:\Users\timot\Documents\TRAVAIL\Projet\Jeux_echec\Eleve.cpp(1477,62): warning C4244: 'argument' : conversion de 'float' en 'int', perte possible de données
C:\Users\timot\Documents\TRAVAIL\Projet\Jeux_echec\Eleve.cpp(1477,51): warning C4244: 'argument' : conversion de 'float' en 'int', perte possible de données
C:\Users\timot\Documents\TRAVAIL\Projet\Jeux_echec\Eleve.cpp(1478,60): warning C4244: 'argument' : conversion de 'float' en 'int', perte possible de données
C:\Users\timot\Documents\TRAVAIL\Projet\Jeux_echec\Eleve.cpp(1478,50): warning C4244: 'argument' : conversion de 'float' en 'int', perte possible de données
C:\Users\timot\Documents\TRAVAIL\Projet\Jeux_echec\Eleve.cpp(1593,55): warning C4244: 'argument' : conversion de 'int' en 'float', perte possible de données
C:\Users\timot\Documents\TRAVAIL\Projet\Jeux_echec\Eleve.cpp(1593,52): warning C4244: 'argument' : conversion de 'int' en 'float', perte possible de données
C:\Users\timot\Documents\TRAVAIL\Projet\Jeux_echec\Eleve.cpp(1595,49): warning C4244: 'argument' : conversion de 'int' en 'float', perte possible de données
C:\Users\timot\Documents\TRAVAIL\Projet\Jeux_echec\Eleve.cpp(1595,46): warning C4244: 'argument' : conversion de 'int' en 'float', perte possible de données
C:\Users\timot\Documents\TRAVAIL\Projet\Jeux_echec\Eleve.cpp(1718,56): warning C4244: 'argument' : conversion de 'int' en 'float', perte possible de données
C:\Users\timot\Documents\TRAVAIL\Projet\Jeux_echec\Eleve.cpp(1718,53): warning C4244: 'argument' : conversion de 'int' en 'float', perte possible de données
C:\Users\timot\Documents\TRAVAIL\Projet\Jeux_echec\Eleve.cpp(1720,68): warning C4244: 'argument' : conversion de 'int' en 'float', perte possible de données
C:\Users\timot\Documents\TRAVAIL\Projet\Jeux_echec\Eleve.cpp(1720,65): warning C4244: 'argument' : conversion de 'int' en 'float', perte possible de données
C:\Users\timot\Documents\TRAVAIL\Projet\Jeux_echec\Eleve.cpp(1739,56): warning C4244: 'argument' : conversion de 'int' en 'float', perte possible de données
C:\Users\timot\Documents\TRAVAIL\Projet\Jeux_echec\Eleve.cpp(1739,53): warning C4244: 'argument' : conversion de 'int' en 'float', perte possible de données
C:\Users\timot\Documents\TRAVAIL\Projet\Jeux_echec\Eleve.cpp(1741,68): warning C4244: 'argument' : conversion de 'int' en 'float', perte possible de données
C:\Users\timot\Documents\TRAVAIL\Projet\Jeux_echec\Eleve.cpp(1741,65): warning C4244: 'argument' : conversion de 'int' en 'float', perte possible de données
C:\Users\timot\Documents\TRAVAIL\Projet\Jeux_echec\Eleve.cpp(1788,61): warning C4244: 'argument' : conversion de 'int' en 'float', perte possible de données
C:\Users\timot\Documents\TRAVAIL\Projet\Jeux_echec\Eleve.cpp(1788,57): warning C4244: 'argument' : conversion de 'int' en 'float', perte possible de données
C:\Users\timot\Documents\TRAVAIL\Projet\Jeux_echec\Eleve.cpp(1791,61): warning C4244: 'argument' : conversion de 'int' en 'float', perte possible de données
C:\Users\timot\Documents\TRAVAIL\Projet\Jeux_echec\Eleve.cpp(1791,57): warning C4244: 'argument' : conversion de 'int' en 'float', perte possible de données
C:\Users\timot\Documents\TRAVAIL\Projet\Jeux_echec\Eleve.cpp(1809,20): warning C4244: 'initialisation' : conversion de 'float' en 'int', perte possible de données
C:\Users\timot\Documents\TRAVAIL\Projet\Jeux_echec\Eleve.cpp(1810,20): warning C4244: 'initialisation' : conversion de 'float' en 'int', perte possible de données
C:\Users\timot\Documents\TRAVAIL\Projet\Jeux_echec\Eleve.cpp(1811,62): warning C4244: 'argument' : conversion de 'int' en 'float', perte possible de données
C:\Users\timot\Documents\TRAVAIL\Projet\Jeux_echec\Eleve.cpp(1811,58): warning C4244: 'argument' : conversion de 'int' en 'float', perte possible de données
C:\Users\timot\Documents\TRAVAIL\Projet\Jeux_echec\Eleve.cpp(1914,117): warning C4244: 'argument' : conversion de 'int' en 'float', perte possible de données
C:\Users\timot\Documents\TRAVAIL\Projet\Jeux_echec\Eleve.cpp(1914,98): warning C4244: 'argument' : conversion de 'int' en 'float', perte possible de données
C:\Users\timot\Documents\TRAVAIL\Projet\Jeux_echec\Eleve.cpp(1926,121): warning C4244: 'argument' : conversion de 'int' en 'float', perte possible de données
C:\Users\timot\Documents\TRAVAIL\Projet\Jeux_echec\Eleve.cpp(1926,99): warning C4244: 'argument' : conversion de 'int' en 'float', perte possible de données
C:\Users\timot\Documents\TRAVAIL\Projet\Jeux_echec\Eleve.cpp(1942,100): warning C4244: 'argument' : conversion de 'int' en 'float', perte possible de données
C:\Users\timot\Documents\TRAVAIL\Projet\Jeux_echec\Eleve.cpp(1942,78): warning C4244: 'argument' : conversion de 'int' en 'float', perte possible de données
C:\Users\timot\Documents\TRAVAIL\Projet\Jeux_echec\Eleve.cpp(1944,88): warning C4244: 'argument' : conversion de 'int' en 'float', perte possible de données
C:\Users\timot\Documents\TRAVAIL\Projet\Jeux_echec\Eleve.cpp(1944,66): warning C4244: 'argument' : conversion de 'int' en 'float', perte possible de données
C:\Users\timot\Documents\TRAVAIL\Projet\Jeux_echec\Eleve.cpp(1972,122): warning C4244: 'argument' : conversion de 'float' en 'int', perte possible de données
C:\Users\timot\Documents\TRAVAIL\Projet\Jeux_echec\Eleve.cpp(1972,83): warning C4244: 'argument' : conversion de 'float' en 'int', perte possible de données
C:\Users\timot\Documents\TRAVAIL\Projet\Jeux_echec\Eleve.cpp(1973,95): warning C4244: 'argument' : conversion de 'int' en 'float', perte possible de données
C:\Users\timot\Documents\TRAVAIL\Projet\Jeux_echec\Eleve.cpp(1973,73): warning C4244: 'argument' : conversion de 'int' en 'float', perte possible de données
C:\Users\timot\Documents\TRAVAIL\Projet\Jeux_echec\Eleve.cpp(1975,93): warning C4244: 'argument' : conversion de 'int' en 'float', perte possible de données
C:\Users\timot\Documents\TRAVAIL\Projet\Jeux_echec\Eleve.cpp(1975,71): warning C4244: 'argument' : conversion de 'int' en 'float', perte possible de données
C:\Users\timot\Documents\TRAVAIL\Projet\Jeux_echec\Eleve.cpp(1977,89): warning C4244: 'argument' : conversion de 'int' en 'float', perte possible de données
C:\Users\timot\Documents\TRAVAIL\Projet\Jeux_echec\Eleve.cpp(1977,67): warning C4244: 'argument' : conversion de 'int' en 'float', perte possible de données
C:\Users\timot\Documents\TRAVAIL\Projet\Jeux_echec\Eleve.cpp(1982,122): warning C4244: 'argument' : conversion de 'float' en 'int', perte possible de données
C:\Users\timot\Documents\TRAVAIL\Projet\Jeux_echec\Eleve.cpp(1982,83): warning C4244: 'argument' : conversion de 'float' en 'int', perte possible de données
C:\Users\timot\Documents\TRAVAIL\Projet\Jeux_echec\Eleve.cpp(1983,95): warning C4244: 'argument' : conversion de 'int' en 'float', perte possible de données
C:\Users\timot\Documents\TRAVAIL\Projet\Jeux_echec\Eleve.cpp(1983,73): warning C4244: 'argument' : conversion de 'int' en 'float', perte possible de données
C:\Users\timot\Documents\TRAVAIL\Projet\Jeux_echec\Eleve.cpp(2050,55): warning C4244: 'argument' : conversion de 'int' en 'float', perte possible de données
C:\Users\timot\Documents\TRAVAIL\Projet\Jeux_echec\Eleve.cpp(2050,43): warning C4244: 'argument' : conversion de 'int' en 'float', perte possible de données
  G2DX.cpp
C:\Users\timot\Documents\TRAVAIL\Projet\Jeux_echec\G2DX.cpp(312,36): warning C4267: 'initialisation' : conversion de 'size_t' en 'int', perte possible de données
C:\Users\timot\Documents\TRAVAIL\Projet\Jeux_echec\G2DX.cpp(314,26): warning C4267: 'initialisation' : conversion de 'size_t' en 'int', perte possible de données
  G2DPPM.cpp
C:\Users\timot\Documents\TRAVAIL\Projet\Jeux_echec\G2DPPM.cpp(49,28): warning C4267: 'initialisation' : conversion de 'size_t' en 'int', perte possible de données
C:\Users\timot\Documents\TRAVAIL\Projet\Jeux_echec\G2DPPM.cpp(92,32): warning C4267: 'initialisation' : conversion de 'size_t' en 'int', perte possible de données
  V2.cpp
G2DEvent.obj : error LNK2001: symbole externe non résolu __imp_glutKeyboardUpFunc
G2DEvent.obj : error LNK2001: symbole externe non résolu __imp_glutReshapeFunc
G2DEvent.obj : error LNK2001: symbole externe non résolu __imp___glutCreateWindowWithExit
G2DEvent.obj : error LNK2001: symbole externe non résolu __imp_glutMouseFunc
G2DEvent.obj : error LNK2001: symbole externe non résolu __imp___glutInitWithExit
G2DEvent.obj : error LNK2001: symbole externe non résolu __imp_glutPostRedisplay
G2DEvent.obj : error LNK2001: symbole externe non résolu __imp_glutKeyboardFunc
G2DEvent.obj : error LNK2001: symbole externe non résolu __imp_glutReshapeWindow
G2DEvent.obj : error LNK2001: symbole externe non résolu __imp_glutInitDisplayMode
G2DEvent.obj : error LNK2001: symbole externe non résolu __imp_glutSpecialFunc
G2DEvent.obj : error LNK2001: symbole externe non résolu __imp_glutSpecialUpFunc
G2DEvent.obj : error LNK2001: symbole externe non résolu __imp_glutTimerFunc
G2DEvent.obj : error LNK2001: symbole externe non résolu __imp_glutDisplayFunc
G2DEvent.obj : error LNK2001: symbole externe non résolu __imp_glutMainLoop
G2DEvent.obj : error LNK2001: symbole externe non résolu __imp_glutInitWindowPosition
G2DEvent.obj : error LNK2001: symbole externe non résolu __imp_glutMotionFunc
G2DEvent.obj : error LNK2001: symbole externe non résolu __imp_glutInitWindowSize
G2DX.obj : error LNK2001: symbole externe non résolu __imp_glutStrokeCharacter
G2DX.obj : error LNK2001: symbole externe non résolu __imp_glutSwapBuffers
C:\Users\timot\Documents\TRAVAIL\Projet\Jeux_echec\x64\Release\G2D.exe : fatal error LNK1120: 19 externes non résolus
