  Eleve.cpp
C:\Users\timot\Documents\TRAVAIL\Projet\Jeux_echec\Eleve.cpp(69,56): warning C4244: 'argument' : conversion de 'float' en 'const unsigned int', perte possible de données
C:\Users\timot\Documents\TRAVAIL\Projet\Jeux_echec\Eleve.cpp(326,1): warning C4305: 'argument' : troncation de 'double' à 'float'
C:\Users\timot\Documents\TRAVAIL\Projet\Jeux_echec\Eleve.cpp(393,1): warning C4305: 'argument' : troncation de 'double' à 'float'
C:\Users\timot\Documents\TRAVAIL\Projet\Jeux_echec\Eleve.cpp(479,1): warning C4305: 'argument' : troncation de 'double' à 'float'
C:\Users\timot\Documents\TRAVAIL\Projet\Jeux_echec\Eleve.cpp(686,1): warning C4305: 'argument' : troncation de 'double' à 'float'
C:\Users\timot\Documents\TRAVAIL\Projet\Jeux_echec\Eleve.cpp(828,1): warning C4305: 'argument' : troncation de 'double' à 'float'
C:\Users\timot\Documents\TRAVAIL\Projet\Jeux_echec\Eleve.cpp(1287,28): warning C4244: 'initialisation' : conversion de 'float' en 'int', perte possible de données
C:\Users\timot\Documents\TRAVAIL\Projet\Jeux_echec\Eleve.cpp(1289,55): warning C4244: 'argument' : conversion de 'int' en 'float', perte possible de données
C:\Users\timot\Documents\TRAVAIL\Projet\Jeux_echec\Eleve.cpp(1289,108): warning C4244: 'argument' : conversion de 'int' en 'float', perte possible de données
C:\Users\timot\Documents\TRAVAIL\Projet\Jeux_echec\Eleve.cpp(1292,64): warning C4244: 'argument' : conversion de 'int' en 'float', perte possible de données
C:\Users\timot\Documents\TRAVAIL\Projet\Jeux_echec\Eleve.cpp(1301,28): warning C4244: 'initialisation' : conversion de 'float' en 'int', perte possible de données
C:\Users\timot\Documents\TRAVAIL\Projet\Jeux_echec\Eleve.cpp(1303,55): warning C4244: 'argument' : conversion de 'int' en 'float', perte possible de données
C:\Users\timot\Documents\TRAVAIL\Projet\Jeux_echec\Eleve.cpp(1303,108): warning C4244: 'argument' : conversion de 'int' en 'float', perte possible de données
C:\Users\timot\Documents\TRAVAIL\Projet\Jeux_echec\Eleve.cpp(1306,64): warning C4244: 'argument' : conversion de 'int' en 'float', perte possible de données
C:\Users\timot\Documents\TRAVAIL\Projet\Jeux_echec\Eleve.cpp(1320,28): warning C4244: 'initialisation' : conversion de 'float' en 'int', perte possible de données
C:\Users\timot\Documents\TRAVAIL\Projet\Jeux_echec\Eleve.cpp(1322,66): warning C4244: 'argument' : conversion de 'int' en 'float', perte possible de données
C:\Users\timot\Documents\TRAVAIL\Projet\Jeux_echec\Eleve.cpp(1322,119): warning C4244: 'argument' : conversion de 'int' en 'float', perte possible de données
C:\Users\timot\Documents\TRAVAIL\Projet\Jeux_echec\Eleve.cpp(1325,75): warning C4244: 'argument' : conversion de 'int' en 'float', perte possible de données
C:\Users\timot\Documents\TRAVAIL\Projet\Jeux_echec\Eleve.cpp(1335,28): warning C4244: 'initialisation' : conversion de 'float' en 'int', perte possible de données
C:\Users\timot\Documents\TRAVAIL\Projet\Jeux_echec\Eleve.cpp(1337,66): warning C4244: 'argument' : conversion de 'int' en 'float', perte possible de données
C:\Users\timot\Documents\TRAVAIL\Projet\Jeux_echec\Eleve.cpp(1337,119): warning C4244: 'argument' : conversion de 'int' en 'float', perte possible de données
C:\Users\timot\Documents\TRAVAIL\Projet\Jeux_echec\Eleve.cpp(1340,75): warning C4244: 'argument' : conversion de 'int' en 'float', perte possible de données
C:\Users\timot\Documents\TRAVAIL\Projet\Jeux_echec\Eleve.cpp(1366,27): warning C4244: '=' : conversion de 'float' en 'int', perte possible de données
C:\Users\timot\Documents\TRAVAIL\Projet\Jeux_echec\Eleve.cpp(1367,27): warning C4244: '=' : conversion de 'float' en 'int', perte possible de données
C:\Users\timot\Documents\TRAVAIL\Projet\Jeux_echec\Eleve.cpp(1370,34): warning C4244: '=' : conversion de 'float' en 'int', perte possible de données
C:\Users\timot\Documents\TRAVAIL\Projet\Jeux_echec\Eleve.cpp(1371,34): warning C4244: '=' : conversion de 'float' en 'int', perte possible de données
C:\Users\timot\Documents\TRAVAIL\Projet\Jeux_echec\Eleve.cpp(1374,30): warning C4244: '=' : conversion de 'float' en 'int', perte possible de données
C:\Users\timot\Documents\TRAVAIL\Projet\Jeux_echec\Eleve.cpp(1376,62): warning C4244: 'argument' : conversion de 'int' en 'float', perte possible de données
C:\Users\timot\Documents\TRAVAIL\Projet\Jeux_echec\Eleve.cpp(1376,55): warning C4244: 'argument' : conversion de 'int' en 'float', perte possible de données
C:\Users\timot\Documents\TRAVAIL\Projet\Jeux_echec\Eleve.cpp(1376,115): warning C4244: 'argument' : conversion de 'int' en 'float', perte possible de données
C:\Users\timot\Documents\TRAVAIL\Projet\Jeux_echec\Eleve.cpp(1376,108): warning C4244: 'argument' : conversion de 'int' en 'float', perte possible de données
C:\Users\timot\Documents\TRAVAIL\Projet\Jeux_echec\Eleve.cpp(1379,71): warning C4244: 'argument' : conversion de 'int' en 'float', perte possible de données
C:\Users\timot\Documents\TRAVAIL\Projet\Jeux_echec\Eleve.cpp(1379,64): warning C4244: 'argument' : conversion de 'int' en 'float', perte possible de données
C:\Users\timot\Documents\TRAVAIL\Projet\Jeux_echec\Eleve.cpp(1390,34): warning C4244: '=' : conversion de 'float' en 'int', perte possible de données
C:\Users\timot\Documents\TRAVAIL\Projet\Jeux_echec\Eleve.cpp(1391,34): warning C4244: '=' : conversion de 'float' en 'int', perte possible de données
C:\Users\timot\Documents\TRAVAIL\Projet\Jeux_echec\Eleve.cpp(1394,30): warning C4244: '=' : conversion de 'float' en 'int', perte possible de données
C:\Users\timot\Documents\TRAVAIL\Projet\Jeux_echec\Eleve.cpp(1396,62): warning C4244: 'argument' : conversion de 'int' en 'float', perte possible de données
C:\Users\timot\Documents\TRAVAIL\Projet\Jeux_echec\Eleve.cpp(1396,55): warning C4244: 'argument' : conversion de 'int' en 'float', perte possible de données
C:\Users\timot\Documents\TRAVAIL\Projet\Jeux_echec\Eleve.cpp(1396,115): warning C4244: 'argument' : conversion de 'int' en 'float', perte possible de données
C:\Users\timot\Documents\TRAVAIL\Projet\Jeux_echec\Eleve.cpp(1396,108): warning C4244: 'argument' : conversion de 'int' en 'float', perte possible de données
C:\Users\timot\Documents\TRAVAIL\Projet\Jeux_echec\Eleve.cpp(1399,71): warning C4244: 'argument' : conversion de 'int' en 'float', perte possible de données
C:\Users\timot\Documents\TRAVAIL\Projet\Jeux_echec\Eleve.cpp(1399,64): warning C4244: 'argument' : conversion de 'int' en 'float', perte possible de données
C:\Users\timot\Documents\TRAVAIL\Projet\Jeux_echec\Eleve.cpp(1410,34): warning C4244: '=' : conversion de 'float' en 'int', perte possible de données
C:\Users\timot\Documents\TRAVAIL\Projet\Jeux_echec\Eleve.cpp(1411,34): warning C4244: '=' : conversion de 'float' en 'int', perte possible de données
C:\Users\timot\Documents\TRAVAIL\Projet\Jeux_echec\Eleve.cpp(1414,30): warning C4244: '=' : conversion de 'float' en 'int', perte possible de données
C:\Users\timot\Documents\TRAVAIL\Projet\Jeux_echec\Eleve.cpp(1416,62): warning C4244: 'argument' : conversion de 'int' en 'float', perte possible de données
C:\Users\timot\Documents\TRAVAIL\Projet\Jeux_echec\Eleve.cpp(1416,55): warning C4244: 'argument' : conversion de 'int' en 'float', perte possible de données
C:\Users\timot\Documents\TRAVAIL\Projet\Jeux_echec\Eleve.cpp(1416,115): warning C4244: 'argument' : conversion de 'int' en 'float', perte possible de données
C:\Users\timot\Documents\TRAVAIL\Projet\Jeux_echec\Eleve.cpp(1416,108): warning C4244: 'argument' : conversion de 'int' en 'float', perte possible de données
C:\Users\timot\Documents\TRAVAIL\Projet\Jeux_echec\Eleve.cpp(1419,71): warning C4244: 'argument' : conversion de 'int' en 'float', perte possible de données
C:\Users\timot\Documents\TRAVAIL\Projet\Jeux_echec\Eleve.cpp(1419,64): warning C4244: 'argument' : conversion de 'int' en 'float', perte possible de données
C:\Users\timot\Documents\TRAVAIL\Projet\Jeux_echec\Eleve.cpp(1430,34): warning C4244: '=' : conversion de 'float' en 'int', perte possible de données
C:\Users\timot\Documents\TRAVAIL\Projet\Jeux_echec\Eleve.cpp(1431,34): warning C4244: '=' : conversion de 'float' en 'int', perte possible de données
C:\Users\timot\Documents\TRAVAIL\Projet\Jeux_echec\Eleve.cpp(1434,30): warning C4244: '=' : conversion de 'float' en 'int', perte possible de données
C:\Users\timot\Documents\TRAVAIL\Projet\Jeux_echec\Eleve.cpp(1436,62): warning C4244: 'argument' : conversion de 'int' en 'float', perte possible de données
C:\Users\timot\Documents\TRAVAIL\Projet\Jeux_echec\Eleve.cpp(1436,55): warning C4244: 'argument' : conversion de 'int' en 'float', perte possible de données
C:\Users\timot\Documents\TRAVAIL\Projet\Jeux_echec\Eleve.cpp(1436,115): warning C4244: 'argument' : conversion de 'int' en 'float', perte possible de données
C:\Users\timot\Documents\TRAVAIL\Projet\Jeux_echec\Eleve.cpp(1436,108): warning C4244: 'argument' : conversion de 'int' en 'float', perte possible de données
C:\Users\timot\Documents\TRAVAIL\Projet\Jeux_echec\Eleve.cpp(1439,71): warning C4244: 'argument' : conversion de 'int' en 'float', perte possible de données
C:\Users\timot\Documents\TRAVAIL\Projet\Jeux_echec\Eleve.cpp(1439,64): warning C4244: 'argument' : conversion de 'int' en 'float', perte possible de données
C:\Users\timot\Documents\TRAVAIL\Projet\Jeux_echec\Eleve.cpp(1574,50): warning C4244: 'argument' : conversion de 'float' en 'int', perte possible de données
C:\Users\timot\Documents\TRAVAIL\Projet\Jeux_echec\Eleve.cpp(1574,39): warning C4244: 'argument' : conversion de 'float' en 'int', perte possible de données
C:\Users\timot\Documents\TRAVAIL\Projet\Jeux_echec\Eleve.cpp(1575,48): warning C4244: 'argument' : conversion de 'float' en 'int', perte possible de données
C:\Users\timot\Documents\TRAVAIL\Projet\Jeux_echec\Eleve.cpp(1575,38): warning C4244: 'argument' : conversion de 'float' en 'int', perte possible de données
C:\Users\timot\Documents\TRAVAIL\Projet\Jeux_echec\Eleve.cpp(1592,70): warning C4244: 'argument' : conversion de 'float' en 'int', perte possible de données
C:\Users\timot\Documents\TRAVAIL\Projet\Jeux_echec\Eleve.cpp(1592,59): warning C4244: 'argument' : conversion de 'float' en 'int', perte possible de données
C:\Users\timot\Documents\TRAVAIL\Projet\Jeux_echec\Eleve.cpp(1593,68): warning C4244: 'argument' : conversion de 'float' en 'int', perte possible de données
C:\Users\timot\Documents\TRAVAIL\Projet\Jeux_echec\Eleve.cpp(1593,58): warning C4244: 'argument' : conversion de 'float' en 'int', perte possible de données
C:\Users\timot\Documents\TRAVAIL\Projet\Jeux_echec\Eleve.cpp(1608,62): warning C4244: 'argument' : conversion de 'float' en 'int', perte possible de données
C:\Users\timot\Documents\TRAVAIL\Projet\Jeux_echec\Eleve.cpp(1608,51): warning C4244: 'argument' : conversion de 'float' en 'int', perte possible de données
C:\Users\timot\Documents\TRAVAIL\Projet\Jeux_echec\Eleve.cpp(1609,60): warning C4244: 'argument' : conversion de 'float' en 'int', perte possible de données
C:\Users\timot\Documents\TRAVAIL\Projet\Jeux_echec\Eleve.cpp(1609,50): warning C4244: 'argument' : conversion de 'float' en 'int', perte possible de données
C:\Users\timot\Documents\TRAVAIL\Projet\Jeux_echec\Eleve.cpp(1639,70): warning C4244: 'argument' : conversion de 'float' en 'int', perte possible de données
C:\Users\timot\Documents\TRAVAIL\Projet\Jeux_echec\Eleve.cpp(1639,59): warning C4244: 'argument' : conversion de 'float' en 'int', perte possible de données
C:\Users\timot\Documents\TRAVAIL\Projet\Jeux_echec\Eleve.cpp(1640,68): warning C4244: 'argument' : conversion de 'float' en 'int', perte possible de données
C:\Users\timot\Documents\TRAVAIL\Projet\Jeux_echec\Eleve.cpp(1640,58): warning C4244: 'argument' : conversion de 'float' en 'int', perte possible de données
C:\Users\timot\Documents\TRAVAIL\Projet\Jeux_echec\Eleve.cpp(1655,62): warning C4244: 'argument' : conversion de 'float' en 'int', perte possible de données
C:\Users\timot\Documents\TRAVAIL\Projet\Jeux_echec\Eleve.cpp(1655,51): warning C4244: 'argument' : conversion de 'float' en 'int', perte possible de données
C:\Users\timot\Documents\TRAVAIL\Projet\Jeux_echec\Eleve.cpp(1656,60): warning C4244: 'argument' : conversion de 'float' en 'int', perte possible de données
C:\Users\timot\Documents\TRAVAIL\Projet\Jeux_echec\Eleve.cpp(1656,50): warning C4244: 'argument' : conversion de 'float' en 'int', perte possible de données
C:\Users\timot\Documents\TRAVAIL\Projet\Jeux_echec\Eleve.cpp(1686,70): warning C4244: 'argument' : conversion de 'float' en 'int', perte possible de données
C:\Users\timot\Documents\TRAVAIL\Projet\Jeux_echec\Eleve.cpp(1686,59): warning C4244: 'argument' : conversion de 'float' en 'int', perte possible de données
C:\Users\timot\Documents\TRAVAIL\Projet\Jeux_echec\Eleve.cpp(1687,68): warning C4244: 'argument' : conversion de 'float' en 'int', perte possible de données
C:\Users\timot\Documents\TRAVAIL\Projet\Jeux_echec\Eleve.cpp(1687,58): warning C4244: 'argument' : conversion de 'float' en 'int', perte possible de données
C:\Users\timot\Documents\TRAVAIL\Projet\Jeux_echec\Eleve.cpp(1700,62): warning C4244: 'argument' : conversion de 'float' en 'int', perte possible de données
C:\Users\timot\Documents\TRAVAIL\Projet\Jeux_echec\Eleve.cpp(1700,51): warning C4244: 'argument' : conversion de 'float' en 'int', perte possible de données
C:\Users\timot\Documents\TRAVAIL\Projet\Jeux_echec\Eleve.cpp(1701,60): warning C4244: 'argument' : conversion de 'float' en 'int', perte possible de données
C:\Users\timot\Documents\TRAVAIL\Projet\Jeux_echec\Eleve.cpp(1701,50): warning C4244: 'argument' : conversion de 'float' en 'int', perte possible de données
C:\Users\timot\Documents\TRAVAIL\Projet\Jeux_echec\Eleve.cpp(1728,70): warning C4244: 'argument' : conversion de 'float' en 'int', perte possible de données
C:\Users\timot\Documents\TRAVAIL\Projet\Jeux_echec\Eleve.cpp(1728,59): warning C4244: 'argument' : conversion de 'float' en 'int', perte possible de données
C:\Users\timot\Documents\TRAVAIL\Projet\Jeux_echec\Eleve.cpp(1729,68): warning C4244: 'argument' : conversion de 'float' en 'int', perte possible de données
C:\Users\timot\Documents\TRAVAIL\Projet\Jeux_echec\Eleve.cpp(1729,58): warning C4244: 'argument' : conversion de 'float' en 'int', perte possible de données
C:\Users\timot\Documents\TRAVAIL\Projet\Jeux_echec\Eleve.cpp(1742,62): warning C4244: 'argument' : conversion de 'float' en 'int', perte possible de données
C:\Users\timot\Documents\TRAVAIL\Projet\Jeux_echec\Eleve.cpp(1742,51): warning C4244: 'argument' : conversion de 'float' en 'int', perte possible de données
C:\Users\timot\Documents\TRAVAIL\Projet\Jeux_echec\Eleve.cpp(1743,60): warning C4244: 'argument' : conversion de 'float' en 'int', perte possible de données
C:\Users\timot\Documents\TRAVAIL\Projet\Jeux_echec\Eleve.cpp(1743,50): warning C4244: 'argument' : conversion de 'float' en 'int', perte possible de données
C:\Users\timot\Documents\TRAVAIL\Projet\Jeux_echec\Eleve.cpp(1763,50): warning C4244: 'argument' : conversion de 'float' en 'int', perte possible de données
C:\Users\timot\Documents\TRAVAIL\Projet\Jeux_echec\Eleve.cpp(1763,39): warning C4244: 'argument' : conversion de 'float' en 'int', perte possible de données
C:\Users\timot\Documents\TRAVAIL\Projet\Jeux_echec\Eleve.cpp(1764,48): warning C4244: 'argument' : conversion de 'float' en 'int', perte possible de données
C:\Users\timot\Documents\TRAVAIL\Projet\Jeux_echec\Eleve.cpp(1764,38): warning C4244: 'argument' : conversion de 'float' en 'int', perte possible de données
C:\Users\timot\Documents\TRAVAIL\Projet\Jeux_echec\Eleve.cpp(1772,55): warning C4244: 'argument' : conversion de 'int' en 'float', perte possible de données
C:\Users\timot\Documents\TRAVAIL\Projet\Jeux_echec\Eleve.cpp(1772,52): warning C4244: 'argument' : conversion de 'int' en 'float', perte possible de données
C:\Users\timot\Documents\TRAVAIL\Projet\Jeux_echec\Eleve.cpp(1774,56): warning C4244: 'argument' : conversion de 'int' en 'float', perte possible de données
C:\Users\timot\Documents\TRAVAIL\Projet\Jeux_echec\Eleve.cpp(1774,53): warning C4244: 'argument' : conversion de 'int' en 'float', perte possible de données
C:\Users\timot\Documents\TRAVAIL\Projet\Jeux_echec\Eleve.cpp(1776,53): warning C4244: 'argument' : conversion de 'int' en 'float', perte possible de données
C:\Users\timot\Documents\TRAVAIL\Projet\Jeux_echec\Eleve.cpp(1776,50): warning C4244: 'argument' : conversion de 'int' en 'float', perte possible de données
C:\Users\timot\Documents\TRAVAIL\Projet\Jeux_echec\Eleve.cpp(1833,88): warning C4244: 'argument' : conversion de 'float' en 'int', perte possible de données
C:\Users\timot\Documents\TRAVAIL\Projet\Jeux_echec\Eleve.cpp(1833,58): warning C4244: 'argument' : conversion de 'float' en 'int', perte possible de données
C:\Users\timot\Documents\TRAVAIL\Projet\Jeux_echec\Eleve.cpp(1846,54): warning C4244: 'argument' : conversion de 'float' en 'int', perte possible de données
C:\Users\timot\Documents\TRAVAIL\Projet\Jeux_echec\Eleve.cpp(1846,45): warning C4244: 'argument' : conversion de 'float' en 'int', perte possible de données
C:\Users\timot\Documents\TRAVAIL\Projet\Jeux_echec\Eleve.cpp(1852,88): warning C4244: 'argument' : conversion de 'float' en 'int', perte possible de données
C:\Users\timot\Documents\TRAVAIL\Projet\Jeux_echec\Eleve.cpp(1852,58): warning C4244: 'argument' : conversion de 'float' en 'int', perte possible de données
C:\Users\timot\Documents\TRAVAIL\Projet\Jeux_echec\Eleve.cpp(1867,70): warning C4244: 'argument' : conversion de 'float' en 'int', perte possible de données
C:\Users\timot\Documents\TRAVAIL\Projet\Jeux_echec\Eleve.cpp(1867,57): warning C4244: 'argument' : conversion de 'float' en 'int', perte possible de données
C:\Users\timot\Documents\TRAVAIL\Projet\Jeux_echec\Eleve.cpp(1870,66): warning C4244: 'argument' : conversion de 'float' en 'int', perte possible de données
C:\Users\timot\Documents\TRAVAIL\Projet\Jeux_echec\Eleve.cpp(1870,53): warning C4244: 'argument' : conversion de 'float' en 'int', perte possible de données
C:\Users\timot\Documents\TRAVAIL\Projet\Jeux_echec\Eleve.cpp(1881,66): warning C4244: 'argument' : conversion de 'float' en 'int', perte possible de données
C:\Users\timot\Documents\TRAVAIL\Projet\Jeux_echec\Eleve.cpp(1881,53): warning C4244: 'argument' : conversion de 'float' en 'int', perte possible de données
C:\Users\timot\Documents\TRAVAIL\Projet\Jeux_echec\Eleve.cpp(1912,78): warning C4244: 'argument' : conversion de 'float' en 'int', perte possible de données
C:\Users\timot\Documents\TRAVAIL\Projet\Jeux_echec\Eleve.cpp(1912,59): warning C4244: 'argument' : conversion de 'float' en 'int', perte possible de données
C:\Users\timot\Documents\TRAVAIL\Projet\Jeux_echec\Eleve.cpp(1914,78): warning C4244: 'argument' : conversion de 'float' en 'int', perte possible de données
C:\Users\timot\Documents\TRAVAIL\Projet\Jeux_echec\Eleve.cpp(1914,59): warning C4244: 'argument' : conversion de 'float' en 'int', perte possible de données
C:\Users\timot\Documents\TRAVAIL\Projet\Jeux_echec\Eleve.cpp(1922,50): warning C4244: 'argument' : conversion de 'int' en 'float', perte possible de données
C:\Users\timot\Documents\TRAVAIL\Projet\Jeux_echec\Eleve.cpp(1922,47): warning C4244: 'argument' : conversion de 'int' en 'float', perte possible de données
C:\Users\timot\Documents\TRAVAIL\Projet\Jeux_echec\Eleve.cpp(1926,55): warning C4244: 'argument' : conversion de 'int' en 'float', perte possible de données
C:\Users\timot\Documents\TRAVAIL\Projet\Jeux_echec\Eleve.cpp(1926,52): warning C4244: 'argument' : conversion de 'int' en 'float', perte possible de données
C:\Users\timot\Documents\TRAVAIL\Projet\Jeux_echec\Eleve.cpp(1953,60): warning C4244: 'argument' : conversion de 'int' en 'float', perte possible de données
C:\Users\timot\Documents\TRAVAIL\Projet\Jeux_echec\Eleve.cpp(1953,57): warning C4244: 'argument' : conversion de 'int' en 'float', perte possible de données
C:\Users\timot\Documents\TRAVAIL\Projet\Jeux_echec\Eleve.cpp(1955,61): warning C4244: 'argument' : conversion de 'int' en 'float', perte possible de données
C:\Users\timot\Documents\TRAVAIL\Projet\Jeux_echec\Eleve.cpp(1955,58): warning C4244: 'argument' : conversion de 'int' en 'float', perte possible de données
C:\Users\timot\Documents\TRAVAIL\Projet\Jeux_echec\Eleve.cpp(1956,76): warning C4244: 'argument' : conversion de 'int' en 'float', perte possible de données
C:\Users\timot\Documents\TRAVAIL\Projet\Jeux_echec\Eleve.cpp(1956,73): warning C4244: 'argument' : conversion de 'int' en 'float', perte possible de données
C:\Users\timot\Documents\TRAVAIL\Projet\Jeux_echec\Eleve.cpp(1961,72): warning C4244: 'argument' : conversion de 'int' en 'float', perte possible de données
C:\Users\timot\Documents\TRAVAIL\Projet\Jeux_echec\Eleve.cpp(1961,69): warning C4244: 'argument' : conversion de 'int' en 'float', perte possible de données
C:\Users\timot\Documents\TRAVAIL\Projet\Jeux_echec\Eleve.cpp(1963,57): warning C4244: 'argument' : conversion de 'int' en 'float', perte possible de données
C:\Users\timot\Documents\TRAVAIL\Projet\Jeux_echec\Eleve.cpp(1963,54): warning C4244: 'argument' : conversion de 'int' en 'float', perte possible de données
C:\Users\timot\Documents\TRAVAIL\Projet\Jeux_echec\Eleve.cpp(1964,72): warning C4244: 'argument' : conversion de 'int' en 'float', perte possible de données
C:\Users\timot\Documents\TRAVAIL\Projet\Jeux_echec\Eleve.cpp(1964,69): warning C4244: 'argument' : conversion de 'int' en 'float', perte possible de données
C:\Users\timot\Documents\TRAVAIL\Projet\Jeux_echec\Eleve.cpp(1985,60): warning C4244: 'argument' : conversion de 'int' en 'float', perte possible de données
C:\Users\timot\Documents\TRAVAIL\Projet\Jeux_echec\Eleve.cpp(1985,57): warning C4244: 'argument' : conversion de 'int' en 'float', perte possible de données
C:\Users\timot\Documents\TRAVAIL\Projet\Jeux_echec\Eleve.cpp(1987,61): warning C4244: 'argument' : conversion de 'int' en 'float', perte possible de données
C:\Users\timot\Documents\TRAVAIL\Projet\Jeux_echec\Eleve.cpp(1987,58): warning C4244: 'argument' : conversion de 'int' en 'float', perte possible de données
C:\Users\timot\Documents\TRAVAIL\Projet\Jeux_echec\Eleve.cpp(1988,76): warning C4244: 'argument' : conversion de 'int' en 'float', perte possible de données
C:\Users\timot\Documents\TRAVAIL\Projet\Jeux_echec\Eleve.cpp(1988,73): warning C4244: 'argument' : conversion de 'int' en 'float', perte possible de données
C:\Users\timot\Documents\TRAVAIL\Projet\Jeux_echec\Eleve.cpp(1994,72): warning C4244: 'argument' : conversion de 'int' en 'float', perte possible de données
C:\Users\timot\Documents\TRAVAIL\Projet\Jeux_echec\Eleve.cpp(1994,69): warning C4244: 'argument' : conversion de 'int' en 'float', perte possible de données
C:\Users\timot\Documents\TRAVAIL\Projet\Jeux_echec\Eleve.cpp(1996,57): warning C4244: 'argument' : conversion de 'int' en 'float', perte possible de données
C:\Users\timot\Documents\TRAVAIL\Projet\Jeux_echec\Eleve.cpp(1996,54): warning C4244: 'argument' : conversion de 'int' en 'float', perte possible de données
C:\Users\timot\Documents\TRAVAIL\Projet\Jeux_echec\Eleve.cpp(1997,72): warning C4244: 'argument' : conversion de 'int' en 'float', perte possible de données
C:\Users\timot\Documents\TRAVAIL\Projet\Jeux_echec\Eleve.cpp(1997,69): warning C4244: 'argument' : conversion de 'int' en 'float', perte possible de données
C:\Users\timot\Documents\TRAVAIL\Projet\Jeux_echec\Eleve.cpp(2143,61): warning C4244: 'argument' : conversion de 'int' en 'float', perte possible de données
C:\Users\timot\Documents\TRAVAIL\Projet\Jeux_echec\Eleve.cpp(2143,57): warning C4244: 'argument' : conversion de 'int' en 'float', perte possible de données
C:\Users\timot\Documents\TRAVAIL\Projet\Jeux_echec\Eleve.cpp(2146,61): warning C4244: 'argument' : conversion de 'int' en 'float', perte possible de données
C:\Users\timot\Documents\TRAVAIL\Projet\Jeux_echec\Eleve.cpp(2146,57): warning C4244: 'argument' : conversion de 'int' en 'float', perte possible de données
C:\Users\timot\Documents\TRAVAIL\Projet\Jeux_echec\Eleve.cpp(2164,20): warning C4244: 'initialisation' : conversion de 'float' en 'int', perte possible de données
C:\Users\timot\Documents\TRAVAIL\Projet\Jeux_echec\Eleve.cpp(2165,20): warning C4244: 'initialisation' : conversion de 'float' en 'int', perte possible de données
C:\Users\timot\Documents\TRAVAIL\Projet\Jeux_echec\Eleve.cpp(2166,62): warning C4244: 'argument' : conversion de 'int' en 'float', perte possible de données
C:\Users\timot\Documents\TRAVAIL\Projet\Jeux_echec\Eleve.cpp(2166,58): warning C4244: 'argument' : conversion de 'int' en 'float', perte possible de données
C:\Users\timot\Documents\TRAVAIL\Projet\Jeux_echec\Eleve.cpp(2288,125): warning C4244: 'argument' : conversion de 'int' en 'float', perte possible de données
C:\Users\timot\Documents\TRAVAIL\Projet\Jeux_echec\Eleve.cpp(2288,103): warning C4244: 'argument' : conversion de 'int' en 'float', perte possible de données
C:\Users\timot\Documents\TRAVAIL\Projet\Jeux_echec\Eleve.cpp(2300,125): warning C4244: 'argument' : conversion de 'int' en 'float', perte possible de données
C:\Users\timot\Documents\TRAVAIL\Projet\Jeux_echec\Eleve.cpp(2300,103): warning C4244: 'argument' : conversion de 'int' en 'float', perte possible de données
C:\Users\timot\Documents\TRAVAIL\Projet\Jeux_echec\Eleve.cpp(2316,104): warning C4244: 'argument' : conversion de 'int' en 'float', perte possible de données
C:\Users\timot\Documents\TRAVAIL\Projet\Jeux_echec\Eleve.cpp(2316,82): warning C4244: 'argument' : conversion de 'int' en 'float', perte possible de données
C:\Users\timot\Documents\TRAVAIL\Projet\Jeux_echec\Eleve.cpp(2317,105): warning C4244: 'argument' : conversion de 'int' en 'float', perte possible de données
C:\Users\timot\Documents\TRAVAIL\Projet\Jeux_echec\Eleve.cpp(2317,83): warning C4244: 'argument' : conversion de 'int' en 'float', perte possible de données
C:\Users\timot\Documents\TRAVAIL\Projet\Jeux_echec\Eleve.cpp(2318,96): warning C4244: 'argument' : conversion de 'int' en 'float', perte possible de données
C:\Users\timot\Documents\TRAVAIL\Projet\Jeux_echec\Eleve.cpp(2318,74): warning C4244: 'argument' : conversion de 'int' en 'float', perte possible de données
C:\Users\timot\Documents\TRAVAIL\Projet\Jeux_echec\Eleve.cpp(2346,130): warning C4244: 'argument' : conversion de 'float' en 'int', perte possible de données
C:\Users\timot\Documents\TRAVAIL\Projet\Jeux_echec\Eleve.cpp(2346,91): warning C4244: 'argument' : conversion de 'float' en 'int', perte possible de données
C:\Users\timot\Documents\TRAVAIL\Projet\Jeux_echec\Eleve.cpp(2347,103): warning C4244: 'argument' : conversion de 'int' en 'float', perte possible de données
C:\Users\timot\Documents\TRAVAIL\Projet\Jeux_echec\Eleve.cpp(2347,81): warning C4244: 'argument' : conversion de 'int' en 'float', perte possible de données
C:\Users\timot\Documents\TRAVAIL\Projet\Jeux_echec\Eleve.cpp(2355,101): warning C4244: 'argument' : conversion de 'int' en 'float', perte possible de données
C:\Users\timot\Documents\TRAVAIL\Projet\Jeux_echec\Eleve.cpp(2355,79): warning C4244: 'argument' : conversion de 'int' en 'float', perte possible de données
C:\Users\timot\Documents\TRAVAIL\Projet\Jeux_echec\Eleve.cpp(2357,97): warning C4244: 'argument' : conversion de 'int' en 'float', perte possible de données
C:\Users\timot\Documents\TRAVAIL\Projet\Jeux_echec\Eleve.cpp(2357,75): warning C4244: 'argument' : conversion de 'int' en 'float', perte possible de données
C:\Users\timot\Documents\TRAVAIL\Projet\Jeux_echec\Eleve.cpp(2362,130): warning C4244: 'argument' : conversion de 'float' en 'int', perte possible de données
C:\Users\timot\Documents\TRAVAIL\Projet\Jeux_echec\Eleve.cpp(2362,91): warning C4244: 'argument' : conversion de 'float' en 'int', perte possible de données
C:\Users\timot\Documents\TRAVAIL\Projet\Jeux_echec\Eleve.cpp(2363,103): warning C4244: 'argument' : conversion de 'int' en 'float', perte possible de données
C:\Users\timot\Documents\TRAVAIL\Projet\Jeux_echec\Eleve.cpp(2363,81): warning C4244: 'argument' : conversion de 'int' en 'float', perte possible de données
C:\Users\timot\Documents\TRAVAIL\Projet\Jeux_echec\Eleve.cpp(2453,55): warning C4244: 'argument' : conversion de 'int' en 'float', perte possible de données
C:\Users\timot\Documents\TRAVAIL\Projet\Jeux_echec\Eleve.cpp(2453,43): warning C4244: 'argument' : conversion de 'int' en 'float', perte possible de données
  G2D.vcxproj -> C:\Users\timot\Documents\TRAVAIL\Projet\Jeux_echec\Debug\G2D.exe
