G2DEvent.obj : error LNK2019: symbole externe non résolu __imp___glutInitWithExit référencé dans la fonction glutInit_ATEXIT_HACK
G2DEvent.obj : error LNK2019: symbole externe non résolu __imp_glutInitDisplayMode référencé dans la fonction "void __cdecl G2D::InitWindow(int &,char * * &,struct V2,struct V2,class std::basic_string<char,struct std::char_traits<char>,class std::allocator<char> >)" (?InitWindow@G2D@@YAXAEAHAEAPEAPEADUV2@@2V?$basic_string@DU?$char_traits@D@std@@V?$allocator@D@2@@std@@@Z)
G2DEvent.obj : error LNK2019: symbole externe non résolu __imp_glutInitWindowPosition référencé dans la fonction "void __cdecl G2D::InitWindow(int &,char * * &,struct V2,struct V2,class std::basic_string<char,struct std::char_traits<char>,class std::allocator<char> >)" (?InitWindow@G2D@@YAXAEAHAEAPEAPEADUV2@@2V?$basic_string@DU?$char_traits@D@std@@V?$allocator@D@2@@std@@@Z)
G2DEvent.obj : error LNK2019: symbole externe non résolu __imp_glutInitWindowSize référencé dans la fonction "void __cdecl G2D::InitWindow(int &,char * * &,struct V2,struct V2,class std::basic_string<char,struct std::char_traits<char>,class std::allocator<char> >)" (?InitWindow@G2D@@YAXAEAHAEAPEAPEADUV2@@2V?$basic_string@DU?$char_traits@D@std@@V?$allocator@D@2@@std@@@Z)
G2DEvent.obj : error LNK2019: symbole externe non résolu __imp_glutMainLoop référencé dans la fonction "void __cdecl G2D::Run(void (__cdecl*)(void),void (__cdecl*)(void))" (?Run@G2D@@YAXP6AXXZ0@Z)
G2DEvent.obj : error LNK2019: symbole externe non résolu __imp___glutCreateWindowWithExit référencé dans la fonction glutCreateWindow_ATEXIT_HACK
G2DEvent.obj : error LNK2019: symbole externe non résolu __imp_glutPostRedisplay référencé dans la fonction "void __cdecl anim(int)" (?anim@@YAXH@Z)
G2DEvent.obj : error LNK2019: symbole externe non résolu __imp_glutReshapeWindow référencé dans la fonction "void __cdecl reshape(int,int)" (?reshape@@YAXHH@Z)
G2DEvent.obj : error LNK2019: symbole externe non résolu __imp_glutDisplayFunc référencé dans la fonction "void __cdecl G2D::Run(void (__cdecl*)(void),void (__cdecl*)(void))" (?Run@G2D@@YAXP6AXXZ0@Z)
G2DEvent.obj : error LNK2019: symbole externe non résolu __imp_glutReshapeFunc référencé dans la fonction "void __cdecl G2D::Run(void (__cdecl*)(void),void (__cdecl*)(void))" (?Run@G2D@@YAXP6AXXZ0@Z)
G2DEvent.obj : error LNK2019: symbole externe non résolu __imp_glutKeyboardFunc référencé dans la fonction "void __cdecl G2D::Run(void (__cdecl*)(void),void (__cdecl*)(void))" (?Run@G2D@@YAXP6AXXZ0@Z)
G2DEvent.obj : error LNK2019: symbole externe non résolu __imp_glutMouseFunc référencé dans la fonction "void __cdecl G2D::Run(void (__cdecl*)(void),void (__cdecl*)(void))" (?Run@G2D@@YAXP6AXXZ0@Z)
G2DEvent.obj : error LNK2019: symbole externe non résolu __imp_glutMotionFunc référencé dans la fonction "void __cdecl G2D::Run(void (__cdecl*)(void),void (__cdecl*)(void))" (?Run@G2D@@YAXP6AXXZ0@Z)
G2DEvent.obj : error LNK2019: symbole externe non résolu __imp_glutTimerFunc référencé dans la fonction "void __cdecl G2D::Run(void (__cdecl*)(void),void (__cdecl*)(void))" (?Run@G2D@@YAXP6AXXZ0@Z)
G2DEvent.obj : error LNK2019: symbole externe non résolu __imp_glutSpecialFunc référencé dans la fonction "void __cdecl G2D::Run(void (__cdecl*)(void),void (__cdecl*)(void))" (?Run@G2D@@YAXP6AXXZ0@Z)
G2DEvent.obj : error LNK2019: symbole externe non résolu __imp_glutKeyboardUpFunc référencé dans la fonction "void __cdecl G2D::Run(void (__cdecl*)(void),void (__cdecl*)(void))" (?Run@G2D@@YAXP6AXXZ0@Z)
G2DEvent.obj : error LNK2019: symbole externe non résolu __imp_glutSpecialUpFunc référencé dans la fonction "void __cdecl G2D::Run(void (__cdecl*)(void),void (__cdecl*)(void))" (?Run@G2D@@YAXP6AXXZ0@Z)
G2DX.obj : error LNK2019: symbole externe non résolu __imp_glutSwapBuffers référencé dans la fonction "void __cdecl G2D::Show(void)" (?Show@G2D@@YAXXZ)
G2DX.obj : error LNK2019: symbole externe non résolu __imp_glutStrokeCharacter référencé dans la fonction "void __cdecl DrawString(struct V2,class std::basic_string<char,struct std::char_traits<char>,class std::allocator<char> >,float,float,struct Color,bool)" (?DrawString@@YAXUV2@@V?$basic_string@DU?$char_traits@D@std@@V?$allocator@D@2@@std@@MMUColor@@_N@Z)
glut32.lib : warning LNK4272: type d'ordinateur bibliothèque 'x86' en conflit avec le type d'ordinateur cible 'x64'
C:\Users\timot\Documents\TRAVAIL\Projet\Jeux_echec\x64\Debug\G2D.exe : fatal error LNK1120: 19 externes non résolus
