  Eleve.cpp
C:\Users\timot\Documents\TRAVAIL\Projet\Jeux_echec\Eleve.cpp(77,56): warning C4244: 'argument' : conversion de 'float' en 'const unsigned int', perte possible de données
C:\Users\timot\Documents\TRAVAIL\Projet\Jeux_echec\Eleve.cpp(343,1): warning C4305: 'argument' : troncation de 'double' à 'float'
C:\Users\timot\Documents\TRAVAIL\Projet\Jeux_echec\Eleve.cpp(410,1): warning C4305: 'argument' : troncation de 'double' à 'float'
C:\Users\timot\Documents\TRAVAIL\Projet\Jeux_echec\Eleve.cpp(496,1): warning C4305: 'argument' : troncation de 'double' à 'float'
C:\Users\timot\Documents\TRAVAIL\Projet\Jeux_echec\Eleve.cpp(703,1): warning C4305: 'argument' : troncation de 'double' à 'float'
C:\Users\timot\Documents\TRAVAIL\Projet\Jeux_echec\Eleve.cpp(845,1): warning C4305: 'argument' : troncation de 'double' à 'float'
C:\Users\timot\Documents\TRAVAIL\Projet\Jeux_echec\Eleve.cpp(1272,28): warning C4244: 'initialisation' : conversion de 'float' en 'int', perte possible de données
C:\Users\timot\Documents\TRAVAIL\Projet\Jeux_echec\Eleve.cpp(1274,55): warning C4244: 'argument' : conversion de 'int' en 'float', perte possible de données
C:\Users\timot\Documents\TRAVAIL\Projet\Jeux_echec\Eleve.cpp(1274,108): warning C4244: 'argument' : conversion de 'int' en 'float', perte possible de données
C:\Users\timot\Documents\TRAVAIL\Projet\Jeux_echec\Eleve.cpp(1277,64): warning C4244: 'argument' : conversion de 'int' en 'float', perte possible de données
C:\Users\timot\Documents\TRAVAIL\Projet\Jeux_echec\Eleve.cpp(1286,28): warning C4244: 'initialisation' : conversion de 'float' en 'int', perte possible de données
C:\Users\timot\Documents\TRAVAIL\Projet\Jeux_echec\Eleve.cpp(1288,55): warning C4244: 'argument' : conversion de 'int' en 'float', perte possible de données
C:\Users\timot\Documents\TRAVAIL\Projet\Jeux_echec\Eleve.cpp(1288,108): warning C4244: 'argument' : conversion de 'int' en 'float', perte possible de données
C:\Users\timot\Documents\TRAVAIL\Projet\Jeux_echec\Eleve.cpp(1291,64): warning C4244: 'argument' : conversion de 'int' en 'float', perte possible de données
C:\Users\timot\Documents\TRAVAIL\Projet\Jeux_echec\Eleve.cpp(1305,28): warning C4244: 'initialisation' : conversion de 'float' en 'int', perte possible de données
C:\Users\timot\Documents\TRAVAIL\Projet\Jeux_echec\Eleve.cpp(1307,66): warning C4244: 'argument' : conversion de 'int' en 'float', perte possible de données
C:\Users\timot\Documents\TRAVAIL\Projet\Jeux_echec\Eleve.cpp(1307,119): warning C4244: 'argument' : conversion de 'int' en 'float', perte possible de données
C:\Users\timot\Documents\TRAVAIL\Projet\Jeux_echec\Eleve.cpp(1310,75): warning C4244: 'argument' : conversion de 'int' en 'float', perte possible de données
C:\Users\timot\Documents\TRAVAIL\Projet\Jeux_echec\Eleve.cpp(1320,28): warning C4244: 'initialisation' : conversion de 'float' en 'int', perte possible de données
C:\Users\timot\Documents\TRAVAIL\Projet\Jeux_echec\Eleve.cpp(1322,66): warning C4244: 'argument' : conversion de 'int' en 'float', perte possible de données
C:\Users\timot\Documents\TRAVAIL\Projet\Jeux_echec\Eleve.cpp(1322,119): warning C4244: 'argument' : conversion de 'int' en 'float', perte possible de données
C:\Users\timot\Documents\TRAVAIL\Projet\Jeux_echec\Eleve.cpp(1325,75): warning C4244: 'argument' : conversion de 'int' en 'float', perte possible de données
C:\Users\timot\Documents\TRAVAIL\Projet\Jeux_echec\Eleve.cpp(1351,27): warning C4244: '=' : conversion de 'float' en 'int', perte possible de données
C:\Users\timot\Documents\TRAVAIL\Projet\Jeux_echec\Eleve.cpp(1352,27): warning C4244: '=' : conversion de 'float' en 'int', perte possible de données
C:\Users\timot\Documents\TRAVAIL\Projet\Jeux_echec\Eleve.cpp(1355,34): warning C4244: '=' : conversion de 'float' en 'int', perte possible de données
C:\Users\timot\Documents\TRAVAIL\Projet\Jeux_echec\Eleve.cpp(1356,34): warning C4244: '=' : conversion de 'float' en 'int', perte possible de données
C:\Users\timot\Documents\TRAVAIL\Projet\Jeux_echec\Eleve.cpp(1359,30): warning C4244: '=' : conversion de 'float' en 'int', perte possible de données
C:\Users\timot\Documents\TRAVAIL\Projet\Jeux_echec\Eleve.cpp(1361,62): warning C4244: 'argument' : conversion de 'int' en 'float', perte possible de données
C:\Users\timot\Documents\TRAVAIL\Projet\Jeux_echec\Eleve.cpp(1361,55): warning C4244: 'argument' : conversion de 'int' en 'float', perte possible de données
C:\Users\timot\Documents\TRAVAIL\Projet\Jeux_echec\Eleve.cpp(1361,115): warning C4244: 'argument' : conversion de 'int' en 'float', perte possible de données
C:\Users\timot\Documents\TRAVAIL\Projet\Jeux_echec\Eleve.cpp(1361,108): warning C4244: 'argument' : conversion de 'int' en 'float', perte possible de données
C:\Users\timot\Documents\TRAVAIL\Projet\Jeux_echec\Eleve.cpp(1364,71): warning C4244: 'argument' : conversion de 'int' en 'float', perte possible de données
C:\Users\timot\Documents\TRAVAIL\Projet\Jeux_echec\Eleve.cpp(1364,64): warning C4244: 'argument' : conversion de 'int' en 'float', perte possible de données
C:\Users\timot\Documents\TRAVAIL\Projet\Jeux_echec\Eleve.cpp(1375,34): warning C4244: '=' : conversion de 'float' en 'int', perte possible de données
C:\Users\timot\Documents\TRAVAIL\Projet\Jeux_echec\Eleve.cpp(1376,34): warning C4244: '=' : conversion de 'float' en 'int', perte possible de données
C:\Users\timot\Documents\TRAVAIL\Projet\Jeux_echec\Eleve.cpp(1379,30): warning C4244: '=' : conversion de 'float' en 'int', perte possible de données
C:\Users\timot\Documents\TRAVAIL\Projet\Jeux_echec\Eleve.cpp(1381,62): warning C4244: 'argument' : conversion de 'int' en 'float', perte possible de données
C:\Users\timot\Documents\TRAVAIL\Projet\Jeux_echec\Eleve.cpp(1381,55): warning C4244: 'argument' : conversion de 'int' en 'float', perte possible de données
C:\Users\timot\Documents\TRAVAIL\Projet\Jeux_echec\Eleve.cpp(1381,115): warning C4244: 'argument' : conversion de 'int' en 'float', perte possible de données
C:\Users\timot\Documents\TRAVAIL\Projet\Jeux_echec\Eleve.cpp(1381,108): warning C4244: 'argument' : conversion de 'int' en 'float', perte possible de données
C:\Users\timot\Documents\TRAVAIL\Projet\Jeux_echec\Eleve.cpp(1384,71): warning C4244: 'argument' : conversion de 'int' en 'float', perte possible de données
C:\Users\timot\Documents\TRAVAIL\Projet\Jeux_echec\Eleve.cpp(1384,64): warning C4244: 'argument' : conversion de 'int' en 'float', perte possible de données
C:\Users\timot\Documents\TRAVAIL\Projet\Jeux_echec\Eleve.cpp(1395,34): warning C4244: '=' : conversion de 'float' en 'int', perte possible de données
C:\Users\timot\Documents\TRAVAIL\Projet\Jeux_echec\Eleve.cpp(1396,34): warning C4244: '=' : conversion de 'float' en 'int', perte possible de données
C:\Users\timot\Documents\TRAVAIL\Projet\Jeux_echec\Eleve.cpp(1399,30): warning C4244: '=' : conversion de 'float' en 'int', perte possible de données
C:\Users\timot\Documents\TRAVAIL\Projet\Jeux_echec\Eleve.cpp(1401,62): warning C4244: 'argument' : conversion de 'int' en 'float', perte possible de données
C:\Users\timot\Documents\TRAVAIL\Projet\Jeux_echec\Eleve.cpp(1401,55): warning C4244: 'argument' : conversion de 'int' en 'float', perte possible de données
C:\Users\timot\Documents\TRAVAIL\Projet\Jeux_echec\Eleve.cpp(1401,115): warning C4244: 'argument' : conversion de 'int' en 'float', perte possible de données
C:\Users\timot\Documents\TRAVAIL\Projet\Jeux_echec\Eleve.cpp(1401,108): warning C4244: 'argument' : conversion de 'int' en 'float', perte possible de données
C:\Users\timot\Documents\TRAVAIL\Projet\Jeux_echec\Eleve.cpp(1404,71): warning C4244: 'argument' : conversion de 'int' en 'float', perte possible de données
C:\Users\timot\Documents\TRAVAIL\Projet\Jeux_echec\Eleve.cpp(1404,64): warning C4244: 'argument' : conversion de 'int' en 'float', perte possible de données
C:\Users\timot\Documents\TRAVAIL\Projet\Jeux_echec\Eleve.cpp(1415,34): warning C4244: '=' : conversion de 'float' en 'int', perte possible de données
C:\Users\timot\Documents\TRAVAIL\Projet\Jeux_echec\Eleve.cpp(1416,34): warning C4244: '=' : conversion de 'float' en 'int', perte possible de données
C:\Users\timot\Documents\TRAVAIL\Projet\Jeux_echec\Eleve.cpp(1419,30): warning C4244: '=' : conversion de 'float' en 'int', perte possible de données
C:\Users\timot\Documents\TRAVAIL\Projet\Jeux_echec\Eleve.cpp(1421,62): warning C4244: 'argument' : conversion de 'int' en 'float', perte possible de données
C:\Users\timot\Documents\TRAVAIL\Projet\Jeux_echec\Eleve.cpp(1421,55): warning C4244: 'argument' : conversion de 'int' en 'float', perte possible de données
C:\Users\timot\Documents\TRAVAIL\Projet\Jeux_echec\Eleve.cpp(1421,115): warning C4244: 'argument' : conversion de 'int' en 'float', perte possible de données
C:\Users\timot\Documents\TRAVAIL\Projet\Jeux_echec\Eleve.cpp(1421,108): warning C4244: 'argument' : conversion de 'int' en 'float', perte possible de données
C:\Users\timot\Documents\TRAVAIL\Projet\Jeux_echec\Eleve.cpp(1424,71): warning C4244: 'argument' : conversion de 'int' en 'float', perte possible de données
C:\Users\timot\Documents\TRAVAIL\Projet\Jeux_echec\Eleve.cpp(1424,64): warning C4244: 'argument' : conversion de 'int' en 'float', perte possible de données
C:\Users\timot\Documents\TRAVAIL\Projet\Jeux_echec\Eleve.cpp(1559,50): warning C4244: 'argument' : conversion de 'float' en 'int', perte possible de données
C:\Users\timot\Documents\TRAVAIL\Projet\Jeux_echec\Eleve.cpp(1559,39): warning C4244: 'argument' : conversion de 'float' en 'int', perte possible de données
C:\Users\timot\Documents\TRAVAIL\Projet\Jeux_echec\Eleve.cpp(1560,48): warning C4244: 'argument' : conversion de 'float' en 'int', perte possible de données
C:\Users\timot\Documents\TRAVAIL\Projet\Jeux_echec\Eleve.cpp(1560,38): warning C4244: 'argument' : conversion de 'float' en 'int', perte possible de données
C:\Users\timot\Documents\TRAVAIL\Projet\Jeux_echec\Eleve.cpp(1577,70): warning C4244: 'argument' : conversion de 'float' en 'int', perte possible de données
C:\Users\timot\Documents\TRAVAIL\Projet\Jeux_echec\Eleve.cpp(1577,59): warning C4244: 'argument' : conversion de 'float' en 'int', perte possible de données
C:\Users\timot\Documents\TRAVAIL\Projet\Jeux_echec\Eleve.cpp(1578,68): warning C4244: 'argument' : conversion de 'float' en 'int', perte possible de données
C:\Users\timot\Documents\TRAVAIL\Projet\Jeux_echec\Eleve.cpp(1578,58): warning C4244: 'argument' : conversion de 'float' en 'int', perte possible de données
C:\Users\timot\Documents\TRAVAIL\Projet\Jeux_echec\Eleve.cpp(1593,62): warning C4244: 'argument' : conversion de 'float' en 'int', perte possible de données
C:\Users\timot\Documents\TRAVAIL\Projet\Jeux_echec\Eleve.cpp(1593,51): warning C4244: 'argument' : conversion de 'float' en 'int', perte possible de données
C:\Users\timot\Documents\TRAVAIL\Projet\Jeux_echec\Eleve.cpp(1594,60): warning C4244: 'argument' : conversion de 'float' en 'int', perte possible de données
C:\Users\timot\Documents\TRAVAIL\Projet\Jeux_echec\Eleve.cpp(1594,50): warning C4244: 'argument' : conversion de 'float' en 'int', perte possible de données
C:\Users\timot\Documents\TRAVAIL\Projet\Jeux_echec\Eleve.cpp(1624,70): warning C4244: 'argument' : conversion de 'float' en 'int', perte possible de données
C:\Users\timot\Documents\TRAVAIL\Projet\Jeux_echec\Eleve.cpp(1624,59): warning C4244: 'argument' : conversion de 'float' en 'int', perte possible de données
C:\Users\timot\Documents\TRAVAIL\Projet\Jeux_echec\Eleve.cpp(1625,68): warning C4244: 'argument' : conversion de 'float' en 'int', perte possible de données
C:\Users\timot\Documents\TRAVAIL\Projet\Jeux_echec\Eleve.cpp(1625,58): warning C4244: 'argument' : conversion de 'float' en 'int', perte possible de données
C:\Users\timot\Documents\TRAVAIL\Projet\Jeux_echec\Eleve.cpp(1640,62): warning C4244: 'argument' : conversion de 'float' en 'int', perte possible de données
C:\Users\timot\Documents\TRAVAIL\Projet\Jeux_echec\Eleve.cpp(1640,51): warning C4244: 'argument' : conversion de 'float' en 'int', perte possible de données
C:\Users\timot\Documents\TRAVAIL\Projet\Jeux_echec\Eleve.cpp(1641,60): warning C4244: 'argument' : conversion de 'float' en 'int', perte possible de données
C:\Users\timot\Documents\TRAVAIL\Projet\Jeux_echec\Eleve.cpp(1641,50): warning C4244: 'argument' : conversion de 'float' en 'int', perte possible de données
C:\Users\timot\Documents\TRAVAIL\Projet\Jeux_echec\Eleve.cpp(1671,70): warning C4244: 'argument' : conversion de 'float' en 'int', perte possible de données
C:\Users\timot\Documents\TRAVAIL\Projet\Jeux_echec\Eleve.cpp(1671,59): warning C4244: 'argument' : conversion de 'float' en 'int', perte possible de données
C:\Users\timot\Documents\TRAVAIL\Projet\Jeux_echec\Eleve.cpp(1672,68): warning C4244: 'argument' : conversion de 'float' en 'int', perte possible de données
C:\Users\timot\Documents\TRAVAIL\Projet\Jeux_echec\Eleve.cpp(1672,58): warning C4244: 'argument' : conversion de 'float' en 'int', perte possible de données
C:\Users\timot\Documents\TRAVAIL\Projet\Jeux_echec\Eleve.cpp(1685,62): warning C4244: 'argument' : conversion de 'float' en 'int', perte possible de données
C:\Users\timot\Documents\TRAVAIL\Projet\Jeux_echec\Eleve.cpp(1685,51): warning C4244: 'argument' : conversion de 'float' en 'int', perte possible de données
C:\Users\timot\Documents\TRAVAIL\Projet\Jeux_echec\Eleve.cpp(1686,60): warning C4244: 'argument' : conversion de 'float' en 'int', perte possible de données
C:\Users\timot\Documents\TRAVAIL\Projet\Jeux_echec\Eleve.cpp(1686,50): warning C4244: 'argument' : conversion de 'float' en 'int', perte possible de données
C:\Users\timot\Documents\TRAVAIL\Projet\Jeux_echec\Eleve.cpp(1713,70): warning C4244: 'argument' : conversion de 'float' en 'int', perte possible de données
C:\Users\timot\Documents\TRAVAIL\Projet\Jeux_echec\Eleve.cpp(1713,59): warning C4244: 'argument' : conversion de 'float' en 'int', perte possible de données
C:\Users\timot\Documents\TRAVAIL\Projet\Jeux_echec\Eleve.cpp(1714,68): warning C4244: 'argument' : conversion de 'float' en 'int', perte possible de données
C:\Users\timot\Documents\TRAVAIL\Projet\Jeux_echec\Eleve.cpp(1714,58): warning C4244: 'argument' : conversion de 'float' en 'int', perte possible de données
C:\Users\timot\Documents\TRAVAIL\Projet\Jeux_echec\Eleve.cpp(1727,62): warning C4244: 'argument' : conversion de 'float' en 'int', perte possible de données
C:\Users\timot\Documents\TRAVAIL\Projet\Jeux_echec\Eleve.cpp(1727,51): warning C4244: 'argument' : conversion de 'float' en 'int', perte possible de données
C:\Users\timot\Documents\TRAVAIL\Projet\Jeux_echec\Eleve.cpp(1728,60): warning C4244: 'argument' : conversion de 'float' en 'int', perte possible de données
C:\Users\timot\Documents\TRAVAIL\Projet\Jeux_echec\Eleve.cpp(1728,50): warning C4244: 'argument' : conversion de 'float' en 'int', perte possible de données
C:\Users\timot\Documents\TRAVAIL\Projet\Jeux_echec\Eleve.cpp(1748,50): warning C4244: 'argument' : conversion de 'float' en 'int', perte possible de données
C:\Users\timot\Documents\TRAVAIL\Projet\Jeux_echec\Eleve.cpp(1748,39): warning C4244: 'argument' : conversion de 'float' en 'int', perte possible de données
C:\Users\timot\Documents\TRAVAIL\Projet\Jeux_echec\Eleve.cpp(1749,48): warning C4244: 'argument' : conversion de 'float' en 'int', perte possible de données
C:\Users\timot\Documents\TRAVAIL\Projet\Jeux_echec\Eleve.cpp(1749,38): warning C4244: 'argument' : conversion de 'float' en 'int', perte possible de données
C:\Users\timot\Documents\TRAVAIL\Projet\Jeux_echec\Eleve.cpp(1757,55): warning C4244: 'argument' : conversion de 'int' en 'float', perte possible de données
C:\Users\timot\Documents\TRAVAIL\Projet\Jeux_echec\Eleve.cpp(1757,52): warning C4244: 'argument' : conversion de 'int' en 'float', perte possible de données
C:\Users\timot\Documents\TRAVAIL\Projet\Jeux_echec\Eleve.cpp(1759,56): warning C4244: 'argument' : conversion de 'int' en 'float', perte possible de données
C:\Users\timot\Documents\TRAVAIL\Projet\Jeux_echec\Eleve.cpp(1759,53): warning C4244: 'argument' : conversion de 'int' en 'float', perte possible de données
C:\Users\timot\Documents\TRAVAIL\Projet\Jeux_echec\Eleve.cpp(1761,53): warning C4244: 'argument' : conversion de 'int' en 'float', perte possible de données
C:\Users\timot\Documents\TRAVAIL\Projet\Jeux_echec\Eleve.cpp(1761,50): warning C4244: 'argument' : conversion de 'int' en 'float', perte possible de données
C:\Users\timot\Documents\TRAVAIL\Projet\Jeux_echec\Eleve.cpp(1782,60): warning C4244: 'argument' : conversion de 'int' en 'float', perte possible de données
C:\Users\timot\Documents\TRAVAIL\Projet\Jeux_echec\Eleve.cpp(1782,57): warning C4244: 'argument' : conversion de 'int' en 'float', perte possible de données
C:\Users\timot\Documents\TRAVAIL\Projet\Jeux_echec\Eleve.cpp(1784,61): warning C4244: 'argument' : conversion de 'int' en 'float', perte possible de données
C:\Users\timot\Documents\TRAVAIL\Projet\Jeux_echec\Eleve.cpp(1784,58): warning C4244: 'argument' : conversion de 'int' en 'float', perte possible de données
C:\Users\timot\Documents\TRAVAIL\Projet\Jeux_echec\Eleve.cpp(1785,76): warning C4244: 'argument' : conversion de 'int' en 'float', perte possible de données
C:\Users\timot\Documents\TRAVAIL\Projet\Jeux_echec\Eleve.cpp(1785,73): warning C4244: 'argument' : conversion de 'int' en 'float', perte possible de données
C:\Users\timot\Documents\TRAVAIL\Projet\Jeux_echec\Eleve.cpp(1790,72): warning C4244: 'argument' : conversion de 'int' en 'float', perte possible de données
C:\Users\timot\Documents\TRAVAIL\Projet\Jeux_echec\Eleve.cpp(1790,69): warning C4244: 'argument' : conversion de 'int' en 'float', perte possible de données
C:\Users\timot\Documents\TRAVAIL\Projet\Jeux_echec\Eleve.cpp(1792,57): warning C4244: 'argument' : conversion de 'int' en 'float', perte possible de données
C:\Users\timot\Documents\TRAVAIL\Projet\Jeux_echec\Eleve.cpp(1792,54): warning C4244: 'argument' : conversion de 'int' en 'float', perte possible de données
C:\Users\timot\Documents\TRAVAIL\Projet\Jeux_echec\Eleve.cpp(1793,72): warning C4244: 'argument' : conversion de 'int' en 'float', perte possible de données
C:\Users\timot\Documents\TRAVAIL\Projet\Jeux_echec\Eleve.cpp(1793,69): warning C4244: 'argument' : conversion de 'int' en 'float', perte possible de données
C:\Users\timot\Documents\TRAVAIL\Projet\Jeux_echec\Eleve.cpp(1814,60): warning C4244: 'argument' : conversion de 'int' en 'float', perte possible de données
C:\Users\timot\Documents\TRAVAIL\Projet\Jeux_echec\Eleve.cpp(1814,57): warning C4244: 'argument' : conversion de 'int' en 'float', perte possible de données
C:\Users\timot\Documents\TRAVAIL\Projet\Jeux_echec\Eleve.cpp(1816,61): warning C4244: 'argument' : conversion de 'int' en 'float', perte possible de données
C:\Users\timot\Documents\TRAVAIL\Projet\Jeux_echec\Eleve.cpp(1816,58): warning C4244: 'argument' : conversion de 'int' en 'float', perte possible de données
C:\Users\timot\Documents\TRAVAIL\Projet\Jeux_echec\Eleve.cpp(1817,76): warning C4244: 'argument' : conversion de 'int' en 'float', perte possible de données
C:\Users\timot\Documents\TRAVAIL\Projet\Jeux_echec\Eleve.cpp(1817,73): warning C4244: 'argument' : conversion de 'int' en 'float', perte possible de données
C:\Users\timot\Documents\TRAVAIL\Projet\Jeux_echec\Eleve.cpp(1823,72): warning C4244: 'argument' : conversion de 'int' en 'float', perte possible de données
C:\Users\timot\Documents\TRAVAIL\Projet\Jeux_echec\Eleve.cpp(1823,69): warning C4244: 'argument' : conversion de 'int' en 'float', perte possible de données
C:\Users\timot\Documents\TRAVAIL\Projet\Jeux_echec\Eleve.cpp(1825,57): warning C4244: 'argument' : conversion de 'int' en 'float', perte possible de données
C:\Users\timot\Documents\TRAVAIL\Projet\Jeux_echec\Eleve.cpp(1825,54): warning C4244: 'argument' : conversion de 'int' en 'float', perte possible de données
C:\Users\timot\Documents\TRAVAIL\Projet\Jeux_echec\Eleve.cpp(1826,72): warning C4244: 'argument' : conversion de 'int' en 'float', perte possible de données
C:\Users\timot\Documents\TRAVAIL\Projet\Jeux_echec\Eleve.cpp(1826,69): warning C4244: 'argument' : conversion de 'int' en 'float', perte possible de données
C:\Users\timot\Documents\TRAVAIL\Projet\Jeux_echec\Eleve.cpp(1928,88): warning C4244: 'argument' : conversion de 'float' en 'int', perte possible de données
C:\Users\timot\Documents\TRAVAIL\Projet\Jeux_echec\Eleve.cpp(1928,58): warning C4244: 'argument' : conversion de 'float' en 'int', perte possible de données
C:\Users\timot\Documents\TRAVAIL\Projet\Jeux_echec\Eleve.cpp(1941,54): warning C4244: 'argument' : conversion de 'float' en 'int', perte possible de données
C:\Users\timot\Documents\TRAVAIL\Projet\Jeux_echec\Eleve.cpp(1941,45): warning C4244: 'argument' : conversion de 'float' en 'int', perte possible de données
C:\Users\timot\Documents\TRAVAIL\Projet\Jeux_echec\Eleve.cpp(1947,88): warning C4244: 'argument' : conversion de 'float' en 'int', perte possible de données
C:\Users\timot\Documents\TRAVAIL\Projet\Jeux_echec\Eleve.cpp(1947,58): warning C4244: 'argument' : conversion de 'float' en 'int', perte possible de données
C:\Users\timot\Documents\TRAVAIL\Projet\Jeux_echec\Eleve.cpp(1962,70): warning C4244: 'argument' : conversion de 'float' en 'int', perte possible de données
C:\Users\timot\Documents\TRAVAIL\Projet\Jeux_echec\Eleve.cpp(1962,57): warning C4244: 'argument' : conversion de 'float' en 'int', perte possible de données
C:\Users\timot\Documents\TRAVAIL\Projet\Jeux_echec\Eleve.cpp(1965,66): warning C4244: 'argument' : conversion de 'float' en 'int', perte possible de données
C:\Users\timot\Documents\TRAVAIL\Projet\Jeux_echec\Eleve.cpp(1965,53): warning C4244: 'argument' : conversion de 'float' en 'int', perte possible de données
C:\Users\timot\Documents\TRAVAIL\Projet\Jeux_echec\Eleve.cpp(1976,66): warning C4244: 'argument' : conversion de 'float' en 'int', perte possible de données
C:\Users\timot\Documents\TRAVAIL\Projet\Jeux_echec\Eleve.cpp(1976,53): warning C4244: 'argument' : conversion de 'float' en 'int', perte possible de données
C:\Users\timot\Documents\TRAVAIL\Projet\Jeux_echec\Eleve.cpp(2007,78): warning C4244: 'argument' : conversion de 'float' en 'int', perte possible de données
C:\Users\timot\Documents\TRAVAIL\Projet\Jeux_echec\Eleve.cpp(2007,59): warning C4244: 'argument' : conversion de 'float' en 'int', perte possible de données
C:\Users\timot\Documents\TRAVAIL\Projet\Jeux_echec\Eleve.cpp(2009,78): warning C4244: 'argument' : conversion de 'float' en 'int', perte possible de données
C:\Users\timot\Documents\TRAVAIL\Projet\Jeux_echec\Eleve.cpp(2009,59): warning C4244: 'argument' : conversion de 'float' en 'int', perte possible de données
C:\Users\timot\Documents\TRAVAIL\Projet\Jeux_echec\Eleve.cpp(2017,50): warning C4244: 'argument' : conversion de 'int' en 'float', perte possible de données
C:\Users\timot\Documents\TRAVAIL\Projet\Jeux_echec\Eleve.cpp(2017,47): warning C4244: 'argument' : conversion de 'int' en 'float', perte possible de données
C:\Users\timot\Documents\TRAVAIL\Projet\Jeux_echec\Eleve.cpp(2021,55): warning C4244: 'argument' : conversion de 'int' en 'float', perte possible de données
C:\Users\timot\Documents\TRAVAIL\Projet\Jeux_echec\Eleve.cpp(2021,52): warning C4244: 'argument' : conversion de 'int' en 'float', perte possible de données
C:\Users\timot\Documents\TRAVAIL\Projet\Jeux_echec\Eleve.cpp(2253,61): warning C4244: 'argument' : conversion de 'int' en 'float', perte possible de données
C:\Users\timot\Documents\TRAVAIL\Projet\Jeux_echec\Eleve.cpp(2253,57): warning C4244: 'argument' : conversion de 'int' en 'float', perte possible de données
C:\Users\timot\Documents\TRAVAIL\Projet\Jeux_echec\Eleve.cpp(2256,61): warning C4244: 'argument' : conversion de 'int' en 'float', perte possible de données
C:\Users\timot\Documents\TRAVAIL\Projet\Jeux_echec\Eleve.cpp(2256,57): warning C4244: 'argument' : conversion de 'int' en 'float', perte possible de données
C:\Users\timot\Documents\TRAVAIL\Projet\Jeux_echec\Eleve.cpp(2274,20): warning C4244: 'initialisation' : conversion de 'float' en 'int', perte possible de données
C:\Users\timot\Documents\TRAVAIL\Projet\Jeux_echec\Eleve.cpp(2275,20): warning C4244: 'initialisation' : conversion de 'float' en 'int', perte possible de données
C:\Users\timot\Documents\TRAVAIL\Projet\Jeux_echec\Eleve.cpp(2278,53): warning C4244: 'argument' : conversion de 'int' en 'float', perte possible de données
C:\Users\timot\Documents\TRAVAIL\Projet\Jeux_echec\Eleve.cpp(2278,39): warning C4244: 'argument' : conversion de 'int' en 'float', perte possible de données
C:\Users\timot\Documents\TRAVAIL\Projet\Jeux_echec\Eleve.cpp(2278,74): warning C4244: 'argument' : conversion de 'int' en 'float', perte possible de données
C:\Users\timot\Documents\TRAVAIL\Projet\Jeux_echec\Eleve.cpp(2282,59): warning C4244: 'argument' : conversion de 'int' en 'float', perte possible de données
C:\Users\timot\Documents\TRAVAIL\Projet\Jeux_echec\Eleve.cpp(2282,42): warning C4244: 'argument' : conversion de 'int' en 'float', perte possible de données
C:\Users\timot\Documents\TRAVAIL\Projet\Jeux_echec\Eleve.cpp(2282,92): warning C4244: 'argument' : conversion de 'int' en 'float', perte possible de données
C:\Users\timot\Documents\TRAVAIL\Projet\Jeux_echec\Eleve.cpp(2282,83): warning C4244: 'argument' : conversion de 'int' en 'float', perte possible de données
C:\Users\timot\Documents\TRAVAIL\Projet\Jeux_echec\Eleve.cpp(2440,125): warning C4244: 'argument' : conversion de 'int' en 'float', perte possible de données
C:\Users\timot\Documents\TRAVAIL\Projet\Jeux_echec\Eleve.cpp(2440,103): warning C4244: 'argument' : conversion de 'int' en 'float', perte possible de données
C:\Users\timot\Documents\TRAVAIL\Projet\Jeux_echec\Eleve.cpp(2452,125): warning C4244: 'argument' : conversion de 'int' en 'float', perte possible de données
C:\Users\timot\Documents\TRAVAIL\Projet\Jeux_echec\Eleve.cpp(2452,103): warning C4244: 'argument' : conversion de 'int' en 'float', perte possible de données
C:\Users\timot\Documents\TRAVAIL\Projet\Jeux_echec\Eleve.cpp(2468,104): warning C4244: 'argument' : conversion de 'int' en 'float', perte possible de données
C:\Users\timot\Documents\TRAVAIL\Projet\Jeux_echec\Eleve.cpp(2468,82): warning C4244: 'argument' : conversion de 'int' en 'float', perte possible de données
C:\Users\timot\Documents\TRAVAIL\Projet\Jeux_echec\Eleve.cpp(2469,105): warning C4244: 'argument' : conversion de 'int' en 'float', perte possible de données
C:\Users\timot\Documents\TRAVAIL\Projet\Jeux_echec\Eleve.cpp(2469,83): warning C4244: 'argument' : conversion de 'int' en 'float', perte possible de données
C:\Users\timot\Documents\TRAVAIL\Projet\Jeux_echec\Eleve.cpp(2470,96): warning C4244: 'argument' : conversion de 'int' en 'float', perte possible de données
C:\Users\timot\Documents\TRAVAIL\Projet\Jeux_echec\Eleve.cpp(2470,74): warning C4244: 'argument' : conversion de 'int' en 'float', perte possible de données
C:\Users\timot\Documents\TRAVAIL\Projet\Jeux_echec\Eleve.cpp(2499,130): warning C4244: 'argument' : conversion de 'float' en 'int', perte possible de données
C:\Users\timot\Documents\TRAVAIL\Projet\Jeux_echec\Eleve.cpp(2499,91): warning C4244: 'argument' : conversion de 'float' en 'int', perte possible de données
C:\Users\timot\Documents\TRAVAIL\Projet\Jeux_echec\Eleve.cpp(2500,103): warning C4244: 'argument' : conversion de 'int' en 'float', perte possible de données
C:\Users\timot\Documents\TRAVAIL\Projet\Jeux_echec\Eleve.cpp(2500,81): warning C4244: 'argument' : conversion de 'int' en 'float', perte possible de données
C:\Users\timot\Documents\TRAVAIL\Projet\Jeux_echec\Eleve.cpp(2508,101): warning C4244: 'argument' : conversion de 'int' en 'float', perte possible de données
C:\Users\timot\Documents\TRAVAIL\Projet\Jeux_echec\Eleve.cpp(2508,79): warning C4244: 'argument' : conversion de 'int' en 'float', perte possible de données
C:\Users\timot\Documents\TRAVAIL\Projet\Jeux_echec\Eleve.cpp(2510,97): warning C4244: 'argument' : conversion de 'int' en 'float', perte possible de données
C:\Users\timot\Documents\TRAVAIL\Projet\Jeux_echec\Eleve.cpp(2510,75): warning C4244: 'argument' : conversion de 'int' en 'float', perte possible de données
C:\Users\timot\Documents\TRAVAIL\Projet\Jeux_echec\Eleve.cpp(2515,130): warning C4244: 'argument' : conversion de 'float' en 'int', perte possible de données
C:\Users\timot\Documents\TRAVAIL\Projet\Jeux_echec\Eleve.cpp(2515,91): warning C4244: 'argument' : conversion de 'float' en 'int', perte possible de données
C:\Users\timot\Documents\TRAVAIL\Projet\Jeux_echec\Eleve.cpp(2516,103): warning C4244: 'argument' : conversion de 'int' en 'float', perte possible de données
C:\Users\timot\Documents\TRAVAIL\Projet\Jeux_echec\Eleve.cpp(2516,81): warning C4244: 'argument' : conversion de 'int' en 'float', perte possible de données
C:\Users\timot\Documents\TRAVAIL\Projet\Jeux_echec\Eleve.cpp(2614,55): warning C4244: 'argument' : conversion de 'int' en 'float', perte possible de données
C:\Users\timot\Documents\TRAVAIL\Projet\Jeux_echec\Eleve.cpp(2614,43): warning C4244: 'argument' : conversion de 'int' en 'float', perte possible de données
  Génération de code en cours
  2 of 566 functions ( 0.4%) were compiled, the rest were copied from previous compilation.
    0 functions were new in current compilation
    9 functions had inline decision re-evaluated but remain unchanged
  Fin de la génération du code
  G2D.vcxproj -> C:\Users\timot\Documents\TRAVAIL\Projet\Jeux_echec\Release\G2D.exe
